Input File: /home/arad/Git/SeAMKPiirturi/static/GIMPRectEllipseCallig.svg
Debug resides in: svg2gcode
Output File: /home/arad/Git/SeAMKPiirturi/TuotetutNCTiedostot/GIMPRectEllipseCallig.nc
Log File: /home/arad/Git/SeAMKPiirturi/static/../log/GIMPRectEllipseCallig.log

wdth: 45.155556mm
hght: 45.155556mm
scale: 0.6
x%: 25.024606052907423
y%: 11.0728345366847
--Found Elem: <Element '{http://www.w3.org/2000/svg}svg' at 0x7fbd0c5d6b88>
--Found Elem: <Element '{http://www.w3.org/2000/svg}defs' at 0x7fbd0c5d69a8>
--Found Elem: <Element '{http://sodipodi.sourceforge.net/DTD/sodipodi-0.dtd}namedview' at 0x7fbd0c5d6a48>
--Found Elem: <Element '{http://www.w3.org/2000/svg}metadata' at 0x7fbd0c5d69f8>
--Found Elem: <Element '{http://www.w3.org/1999/02/22-rdf-syntax-ns#}RDF' at 0x7fbd0c5d6c28>
--Found Elem: <Element '{http://creativecommons.org/ns#}Work' at 0x7fbd0c5d6c78>
--Found Elem: <Element '{http://purl.org/dc/elements/1.1/}format' at 0x7fbd0c5d6cc8>
--Found Elem: <Element '{http://purl.org/dc/elements/1.1/}type' at 0x7fbd0c5d6d18>
--Found Elem: <Element '{http://purl.org/dc/elements/1.1/}title' at 0x7fbd0c5d6d68>
--Found Elem: <Element '{http://www.w3.org/2000/svg}g' at 0x7fbd0c5d6e08>
--Found Elem: <Element '{http://www.w3.org/2000/svg}image' at 0x7fbd0c5d6e58>
  --No Name: image
