Input File: /home/arad/Dropbox/Frami/SeAMKPiirturi/static/KolmeViivaa.svg
Output File: /home/arad/Dropbox/Frami/SeAMKPiirturi/TuotetutNCTiedostot/KolmeViivaa.gcode
Log File: /home/arad/Dropbox/Frami/SeAMKPiirturi/static/../log/KolmeViivaa.log

wdth: 800
hght: 500
scale: 1
x%: 1.5375
y%: 1.1
--Found Elem: <Element '{http://www.w3.org/2000/svg}svg' at 0x7f805c417a48>
  --No Name: svg
--Found Elem: <Element '{http://www.w3.org/2000/svg}metadata' at 0x7f805c417a98>
  --No Name: metadata
--Found Elem: <Element '{http://www.w3.org/1999/02/22-rdf-syntax-ns#}RDF' at 0x7f805c417b38>
  --No Name: RDF
--Found Elem: <Element '{http://creativecommons.org/ns#}Work' at 0x7f805c417b88>
  --No Name: Work
--Found Elem: <Element '{http://purl.org/dc/elements/1.1/}format' at 0x7f805c417bd8>
  --No Name: format
--Found Elem: <Element '{http://purl.org/dc/elements/1.1/}type' at 0x7f805c417c28>
  --No Name: type
--Found Elem: <Element '{http://purl.org/dc/elements/1.1/}title' at 0x7f805c417c78>
  --No Name: title
--Found Elem: <Element '{http://www.w3.org/2000/svg}path' at 0x7f805c417cc8>
  --Name: path
	Class : <class 'shapes.path'>
	Object: <Element '{http://www.w3.org/2000/svg}path' at 0x7f805c417cc8>
	Attrs : [('d', 'm377.67 412.01c-0.4642-0.46421-9.6986-1.2876-20.521-1.8297-10.822-0.54211-24.458-1.5325-30.302-2.2009-25.92-2.9646-33.669-3.91-41.875-5.1091-4.8125-0.70321-15.5-2.104-23.75-3.113-35.431-4.333-38.562-5.3455-37.886-12.254 0.65237-6.6707 4.7354-7.9977 18.727-6.0866 6.4125 0.8759 18.128 2.3752 26.034 3.3316 7.9062 0.95651 18.312 2.3379 23.125 3.0697 4.8125 0.73182 13.812 1.919 20 2.6382 6.1875 0.7192 16.031 1.8621 21.875 2.5397 32.12 3.7247 102.7 5.9374 116.88 3.6641 24.521-3.932 31.707-5.4056 45.322-9.2933 4.9445-1.4119 7.4999-1.5531 10.32-0.56997 3.8066 1.327 5.9233 5.5539 4.5602 9.1062-1.841 4.7976-14.89 9.6981-33.348 12.523-7.2074 1.1032-15.819 2.5506-19.137 3.2166-6.7572 1.3562-78.7 1.6859-80.019 0.36679zm305.95-100.27c-2.1182-1.2917-9.6497-8.8762-16.737-16.855-22.477-25.304-52.342-51.226-96.676-83.913-2.7975-2.0625-9.3388-6.9927-14.536-10.956-5.1976-3.9632-13.669-10.422-18.825-14.352-13.83-10.542-35.01-31.605-39.879-39.66-3.5247-5.8304-4.3547-8.5998-4.839-16.147-0.6586-10.262 0.65068-13.977 5.5881-15.854 5.4243-2.0623 9.1303 1.353 9.1303 8.4143 0 9.7668 2.3825 14.998 11.139 24.456 12.087 13.055 26.347 25.159 53.236 45.186 6.875 5.1207 15.466 11.612 19.09 14.425 3.6248 2.8132 8.9685 6.6074 11.875 8.4314 10.229 6.4194 36.806 29.874 61.989 54.705 33.484 33.017 35.844 36.301 30.171 41.974-3.1139 3.1139-5.7947 3.1494-10.726 0.14214zm-634.38-84c-1.711-1.711-2.3717-3.5513-1.9204-5.3494 1.0466-4.1702 21.396-34.103 29.431-43.292 3.9076-4.4688 10.723-13.188 15.146-19.375 4.4228-6.1875 12.268-16.1 17.434-22.028 5.1659-5.928 13.049-15.123 17.518-20.434 4.4688-5.3107 11.219-13.155 15-17.431 3.7812-4.2766 11.708-13.644 17.616-20.816 14.3-17.362 34.374-38.337 38.959-40.708 6.6045-3.4153 13.483 0.95451 11.472 7.2886-0.46281 1.4582-7.3846 9.7638-15.382 18.457-7.9972 8.6931-19.884 22.206-26.415 30.028-6.5312 7.8225-14.688 17.404-18.125 21.293-3.4375 3.8887-9.3438 10.882-13.125 15.54-3.7812 4.6583-10.812 12.952-15.625 18.43-4.8125 5.4782-10.438 12.404-12.5 15.39-2.0625 2.9861-6.714 8.987-10.337 13.335-13.115 15.742-19.031 23.452-26.551 34.6-11.513 17.068-16.965 20.704-22.596 15.073z'), ('id', 'path3397')]
	Transform: None
	d: m377.67 412.01c-0.4642-0.46421-9.6986-1.2876-20.521-1.8297-10.822-0.54211-24.458-1.5325-30.302-2.2009-25.92-2.9646-33.669-3.91-41.875-5.1091-4.8125-0.70321-15.5-2.104-23.75-3.113-35.431-4.333-38.562-5.3455-37.886-12.254 0.65237-6.6707 4.7354-7.9977 18.727-6.0866 6.4125 0.8759 18.128 2.3752 26.034 3.3316 7.9062 0.95651 18.312 2.3379 23.125 3.0697 4.8125 0.73182 13.812 1.919 20 2.6382 6.1875 0.7192 16.031 1.8621 21.875 2.5397 32.12 3.7247 102.7 5.9374 116.88 3.6641 24.521-3.932 31.707-5.4056 45.322-9.2933 4.9445-1.4119 7.4999-1.5531 10.32-0.56997 3.8066 1.327 5.9233 5.5539 4.5602 9.1062-1.841 4.7976-14.89 9.6981-33.348 12.523-7.2074 1.1032-15.819 2.5506-19.137 3.2166-6.7572 1.3562-78.7 1.6859-80.019 0.36679zm305.95-100.27c-2.1182-1.2917-9.6497-8.8762-16.737-16.855-22.477-25.304-52.342-51.226-96.676-83.913-2.7975-2.0625-9.3388-6.9927-14.536-10.956-5.1976-3.9632-13.669-10.422-18.825-14.352-13.83-10.542-35.01-31.605-39.879-39.66-3.5247-5.8304-4.3547-8.5998-4.839-16.147-0.6586-10.262 0.65068-13.977 5.5881-15.854 5.4243-2.0623 9.1303 1.353 9.1303 8.4143 0 9.7668 2.3825 14.998 11.139 24.456 12.087 13.055 26.347 25.159 53.236 45.186 6.875 5.1207 15.466 11.612 19.09 14.425 3.6248 2.8132 8.9685 6.6074 11.875 8.4314 10.229 6.4194 36.806 29.874 61.989 54.705 33.484 33.017 35.844 36.301 30.171 41.974-3.1139 3.1139-5.7947 3.1494-10.726 0.14214zm-634.38-84c-1.711-1.711-2.3717-3.5513-1.9204-5.3494 1.0466-4.1702 21.396-34.103 29.431-43.292 3.9076-4.4688 10.723-13.188 15.146-19.375 4.4228-6.1875 12.268-16.1 17.434-22.028 5.1659-5.928 13.049-15.123 17.518-20.434 4.4688-5.3107 11.219-13.155 15-17.431 3.7812-4.2766 11.708-13.644 17.616-20.816 14.3-17.362 34.374-38.337 38.959-40.708 6.6045-3.4153 13.483 0.95451 11.472 7.2886-0.46281 1.4582-7.3846 9.7638-15.382 18.457-7.9972 8.6931-19.884 22.206-26.415 30.028-6.5312 7.8225-14.688 17.404-18.125 21.293-3.4375 3.8887-9.3438 10.882-13.125 15.54-3.7812 4.6583-10.812 12.952-15.625 18.43-4.8125 5.4782-10.438 12.404-12.5 15.39-2.0625 2.9861-6.714 8.987-10.337 13.335-13.115 15.742-19.031 23.452-26.551 34.6-11.513 17.068-16.965 20.704-22.596 15.073z
	m: None
	d is GOOD!
	Points: <generator object point_generator at 0x7f805c41c678>
	  pt: (377.67, 137.99)
	    --Point printed
	  pt: (377.4379, 138.222105)
	    --Point printed
	  pt: (367.5744, 139.20727750000003)
	    --Point printed
	  pt: (351.738, 140.090755)
	    --Point printed
	  pt: (334.639, 141.27170250000006)
	    --Point printed
	  pt: (300.92699999999996, 144.98520000000002)
	    --Point printed
	  pt: (280.1595, 147.83291000000003)
	    --Point printed
	  pt: (252.36424999999997, 151.32595000000003)
	    --Point printed
	  pt: (237.6270703125, 153.41996171875002)
	    --Point printed
	  pt: (231.5845234375, 154.59485234375)
	    --Point printed
	  pt: (227.45709374999996, 155.818465625)
	    --Point printed
	  pt: (224.91087890624996, 157.19880742187502)
	    --Point printed
	  pt: (223.6119765625, 158.84388359374998)
	    --Point printed
	  pt: (223.22648437499998, 160.86170000000004)
	    --Point printed
	  pt: (223.41754625, 163.33053750000005)
	    --Point printed
	  pt: (223.95550964843744, 165.4227984375001)
	    --Point printed
	  pt: (224.91631476562497, 167.04698750000006)
	    --Point printed
	  pt: (226.37587460937496, 168.22777968750006)
	    --Point printed
	  pt: (228.4101021875, 168.98985000000005)
	    --Point printed
	  pt: (231.0949105078125, 169.35787343750002)
	    --Point printed
	  pt: (235.686485625, 169.33646875)
	    --Point printed
	  pt: (248.47549999999998, 167.7074)
	    --Point printed
	  pt: (276.0032, 164.29519000000005)
	    --Point printed
	  pt: (296.0345, 161.45018)
	    --Point printed
	  pt: (317.4095, 158.82460000000003)
	    --Point printed
	  pt: (337.11199999999997, 156.53851250000002)
	    --Point printed
	  pt: (351.791140625, 155.27149218750003)
	    --Point printed
	  pt: (374.27137500000003, 153.84483750000004)
	    --Point printed
	  pt: (409.98074999999994, 152.55550000000005)
	    --Point printed
	  pt: (434.80559374999996, 152.45670312500005)
	    --Point printed
	  pt: (445.55074999999994, 152.84176875000003)
	    --Point printed
	  pt: (462.23749999999995, 155.30600000000004)
	    --Point printed
	  pt: (480.0095, 158.67619375000004)
	    --Point printed
	  pt: (488.8933125, 160.84033125000002)
	    --Point printed
	  pt: (496.535125, 162.98627499999998)
	    --Point printed
	  pt: (499.5798375, 163.65268031250002)
	    --Point printed
	  pt: (502.0603625, 163.860869375)
	    --Point printed
	  pt: (504.22549374999994, 163.62456437499998)
	    --Point printed
	  pt: (506.57065, 162.87152000000003)
	    --Point printed
	  pt: (508.841571875, 161.081754375)
	    --Point printed
	  pt: (510.2550437499999, 158.65133875000004)
	    --Point printed
	  pt: (510.6101460937499, 156.37365671875006)
	    --Point printed
	  pt: (510.465603125, 154.99568562500008)
	    --Point printed
	  pt: (509.949075, 153.49737000000005)
	    --Point printed
	  pt: (508.40572734374996, 151.69874070312505)
	    --Point printed
	  pt: (505.90223906250003, 149.92450359375005)
	    --Point printed
	  pt: (502.5065671875, 148.20018796875007)
	    --Point printed
	  pt: (498.28666875, 146.55132312500007)
	    --Point printed
	  pt: (493.31050078124997, 145.00343835937508)
	    --Point printed
	  pt: (485.72213750000003, 143.11624500000005)
	    --Point printed
	  pt: (469.62379999999996, 140.47087)
	    --Point printed
	  pt: (456.84954999999997, 138.187945)
	    --Point printed
	  pt: (449.75348046875, 137.76199621093747)
	    --Point printed
	  pt: (434.81054374999997, 137.34149843749992)
	    --Point printed
	  pt: (406.1477625, 137.12730312500003)
	    --Point printed
	  pt: (386.2665390625, 137.36747570312502)
	    --Point printed
	  pt: (379.10844687499997, 137.68666515625)
	    --Point printed
	  pt: (377.67519999999996, 137.99068)
	    --Point printed
	  pt: (377.67, 137.99)
	    --Point printed
	  pt: (683.0904499999999, 238.582925)
	    --Point printed
	  pt: (679.9931906249999, 241.33387187499994)
	    --Point printed
	  pt: (674.0813499999999, 247.23477499999996)
	    --Point printed
	  pt: (664.073375, 258.278)
	    --Point printed
	  pt: (655.03965234375, 267.83929296875)
	    --Point printed
	  pt: (645.2026640625, 277.5545703125)
	    --Point printed
	  pt: (634.4794296875001, 287.4958671875)
	    --Point printed
	  pt: (622.78696875, 297.73521874999994)
	    --Point printed
	  pt: (610.0423007812501, 308.34466015625003)
	    --Point printed
	  pt: (596.1624453125, 319.39622656250003)
	    --Point printed
	  pt: (581.064421875, 330.96195312500004)
	    --Point printed
	  pt: (567.4095, 341.0905)
	    --Point printed
	  pt: (550.4734000000001, 353.9472)
	    --Point printed
	  pt: (533.3885, 366.9715)
	    --Point printed
	  pt: (521.45853125, 377.43053125000006)
	    --Point printed
	  pt: (509.72993749999995, 388.8938125)
	    --Point printed
	  pt: (501.8641484374999, 397.5194453125)
	    --Point printed
	  pt: (498.43910937500004, 401.779)
	    --Point printed
	  pt: (496.085825, 405.4536)
	    --Point printed
	  pt: (494.2109875, 409.1148)
	    --Point printed
	  pt: (493.05303749999996, 412.607975)
	    --Point printed
	  pt: (492.39175624999996, 416.6680125)
	    --Point printed
	  pt: (491.96335, 422.7085)
	    --Point printed
	  pt: (492.08260734375, 427.5958671875)
	    --Point printed
	  pt: (492.43617515625, 429.9258046875)
	    --Point printed
	  pt: (493.03908562500004, 431.82590625)
	    --Point printed
	  pt: (493.91079492187504, 433.35135546875)
	    --Point printed
	  pt: (495.07075921875, 434.5573359375)
	    --Point printed
	  pt: (496.5384346875, 435.49903125000003)
	    --Point printed
	  pt: (498.3941375, 436.2547875)
	    --Point printed
	  pt: (500.286243359375, 436.6073671875)
	    --Point printed
	  pt: (501.98620078125003, 436.475040625)
	    --Point printed
	  pt: (503.47071640625, 435.879271875)
	    --Point printed
	  pt: (504.71649687499996, 434.841525)
	    --Point printed
	  pt: (505.70024882812504, 433.38326406249996)
	    --Point printed
	  pt: (506.39867890625, 431.525953125)
	    --Point printed
	  pt: (506.78849374999993, 429.29105625)
	    --Point printed
	  pt: (506.84639999999996, 426.36185)
	    --Point printed
	  pt: (507.048124609375, 423.01941562499997)
	    --Point printed
	  pt: (507.5355757812499, 419.96528125)
	    --Point printed
	  pt: (508.35552890624996, 417.0967625)
	    --Point printed
	  pt: (509.55475937499995, 414.311175)
	    --Point printed
	  pt: (511.180042578125, 411.505834375)
	    --Point printed
	  pt: (514.0055249999999, 407.591525)
	    --Point printed
	  pt: (521.0071499999999, 399.86295)
	    --Point printed
	  pt: (531.0782125, 390.091575)
	    --Point printed
	  pt: (543.2711499999998, 379.56757500000003)
	    --Point printed
	  pt: (558.5662124999999, 367.4590125)
	    --Point printed
	  pt: (578.0963999999999, 352.82)
	    --Point printed
	  pt: (593.9362, 340.7025)
	    --Point printed
	  pt: (603.465025, 334.281875)
	    --Point printed
	  pt: (608.5087828124999, 330.60489218749996)
	    --Point printed
	  pt: (616.9697125, 323.8307375)
	    --Point printed
	  pt: (633.108525, 309.751175)
	    --Point printed
	  pt: (651.4967750000001, 292.708775)
	    --Point printed
	  pt: (672.5464, 272.12505)
	    --Point printed
	  pt: (686.2340953125001, 258.16981562500007)
	    --Point printed
	  pt: (691.6056734375001, 252.18055000000004)
	    --Point printed
	  pt: (694.96136875, 247.72398750000002)
	    --Point printed
	  pt: (696.3468462890626, 244.948598828125)
	    --Point printed
	  pt: (696.7069009765626, 243.54682148437502)
	    --Point printed
	  pt: (696.7208335937501, 242.30863593750001)
	    --Point printed
	  pt: (696.4224688476563, 241.18698847656253)
	    --Point printed
	  pt: (695.639134375, 239.78622187500002)
	    --Point printed
	  pt: (693.5679250000001, 237.626825)
	    --Point printed
	  pt: (691.28398125, 236.25228625)
	    --Point printed
	  pt: (688.827, 236.0276925)
	    --Point printed
	  pt: (685.94539375, 236.9497025)
	    --Point printed
	  pt: (683.6204, 238.26316000000003)
	    --Point printed
	  pt: (683.62, 238.26)
	    --Point printed
	  pt: (48.812250000000006, 322.68775)
	    --Point printed
	  pt: (47.85914687500001, 324.00604687500004)
	    --Point printed
	  pt: (47.30761875000001, 325.35139375)
	    --Point printed
	  pt: (47.16345000000001, 326.7077125)
	    --Point printed
	  pt: (47.45042500000001, 328.130675)
	    --Point printed
	  pt: (49.227426562500014, 331.52553750000004)
	    --Point printed
	  pt: (53.41028750000001, 338.3770875)
	    --Point printed
	  pt: (62.525725, 351.94989999999996)
	    --Point printed
	  pt: (71.96345, 365.01041250000003)
	    --Point printed
	  pt: (78.7044, 373.1358)
	    --Point printed
	  pt: (86.8755, 383.45635)
	    --Point printed
	  pt: (94.108, 393.37014999999997)
	    --Point printed
	  pt: (103.4948, 405.380275)
	    --Point printed
	  pt: (114.4965, 418.2324)
	    --Point printed
	  pt: (131.3174, 438.04909999999995)
	    --Point printed
	  pt: (145.62980000000002, 454.44599999999997)
	    --Point printed
	  pt: (163.0396, 475.3259)
	    --Point printed
	  pt: (174.90450625, 488.78218125)
	    --Point printed
	  pt: (186.2767875, 500.8162125)
	    --Point printed
	  pt: (193.7879671875, 508.0595953125)
	    --Point printed
	  pt: (197.03533437500002, 510.8099625)
	    --Point printed
	  pt: (199.2491625, 512.1203125)
	    --Point printed
	  pt: (201.71146132812504, 512.8155758984375)
	    --Point printed
	  pt: (204.05626796875003, 512.871935703125)
	    --Point printed
	  pt: (206.17619765625003, 512.357604765625)
	    --Point printed
	  pt: (207.96386562500004, 511.3407959375)
	    --Point printed
	  pt: (209.31188710937502, 509.8897220703125)
	    --Point printed
	  pt: (210.11287734375003, 508.072596015625)
	    --Point printed
	  pt: (210.25945156250003, 505.957630625)
	    --Point printed
	  pt: (209.77989750000003, 504.04024999999996)
	    --Point printed
	  pt: (207.58258906250003, 501.00865624999994)
	    --Point printed
	  pt: (202.24209750000003, 494.54409999999996)
	    --Point printed
	  pt: (190.51500000000004, 481.60124999999994)
	    --Point printed
	  pt: (175.96855000000005, 465.16452499999997)
	    --Point printed
	  pt: (161.56740000000002, 448.09729999999996)
	    --Point printed
	  pt: (146.53610000000003, 430.7381)
	    --Point printed
	  pt: (133.06740000000002, 414.4285)
	    --Point printed
	  pt: (118.81735000000003, 397.91769999999997)
	    --Point printed
	  pt: (111.67647500000004, 389.23775)
	    --Point printed
	  pt: (106.66110000000003, 382.2807)
	    --Point printed
	  pt: (91.82910000000004, 364.0608)
	    --Point printed
	  pt: (80.98378750000003, 350.264675)
	    --Point printed
	  pt: (75.49535000000003, 342.690925)
	    --Point printed
	  pt: (70.39647500000002, 335.1983)
	    --Point printed
	  pt: (66.52824062500002, 329.83090546874996)
	    --Point printed
	  pt: (63.13072500000002, 325.65768281249996)
	    --Point printed
	  pt: (60.13080312500002, 322.62982343749997)
	    --Point printed
	  pt: (57.455350000000024, 320.69851874999995)
	    --Point printed
	  pt: (55.03124062500002, 319.81496015625)
	    --Point printed
	  pt: (52.78535000000002, 319.93033906249997)
	    --Point printed
	  pt: (50.64455312500002, 320.995846875)
	    --Point printed
	  pt: (49.239600000000024, 322.25879999999995)
	    --Point printed
	  pt: (49.24000000000001, 322.26)
	    --Point printed
