Input File: M:\Git\SeAMKPiirturi\static\Kulmat.svg
Output File: M:\Git\SeAMKPiirturi\TuotetutNCTiedostot\Kulmat.nc
Log File: M:\Git\SeAMKPiirturi\static\..\log\Kulmat.log

wdth: 210mm
hght: 297mm
scale: 0.3
x%: 5.380952380952381
y%: 1.6835016835016836
--Found Elem: <Element '{http://www.w3.org/2000/svg}svg' at 0x000001B8397AE408>
--Found Elem: <Element '{http://www.w3.org/2000/svg}metadata' at 0x000001B8397AE458>
--Found Elem: <Element '{http://www.w3.org/1999/02/22-rdf-syntax-ns#}RDF' at 0x000001B8397AE4F8>
--Found Elem: <Element '{http://creativecommons.org/ns#}Work' at 0x000001B8397AE548>
--Found Elem: <Element '{http://purl.org/dc/elements/1.1/}format' at 0x000001B8397AE598>
--Found Elem: <Element '{http://purl.org/dc/elements/1.1/}type' at 0x000001B8397AE5E8>
--Found Elem: <Element '{http://purl.org/dc/elements/1.1/}title' at 0x000001B8397AE638>
--Found Elem: <Element '{http://www.w3.org/2000/svg}g' at 0x000001B8397AE6D8>
--Found Elem: <Element '{http://www.w3.org/2000/svg}image' at 0x000001B8397AE728>
--Found Elem: <Element '{http://www.w3.org/2000/svg}path' at 0x000001B8397AE778>
  --Name: path
	Class : <class 'shapes.path'>
	Object: <Element '{http://www.w3.org/2000/svg}path' at 0x000001B8397AE778>
	Attrs : [('id', 'path3500'), ('d', 'm400.57 507.29c-1.0456-1.5957-2.7573-6.5507-3.8038-11.011s-4.1632-15.984-6.9259-25.608c-5.549-19.33-6.0866-25.374-2.8337-31.86 2.8487-5.6798 6.7151-7.4764 16.138-7.499 4.2364-0.01 12.111-0.86207 17.5-1.8932 19.596-3.7498 29.172-1.9034 29.172 5.6248 0 4.4147-3.9374 7.5-9.5714 7.5-2.2083 0-7.9159 0.82055-12.684 1.8235-4.7676 1.0029-12.448 2.2106-17.067 2.6839-4.9935 0.51159-8.6478 1.5111-9.014 2.4655-0.33876 0.88277 1.6506 9.6594 4.4208 19.504 7.5758 26.921 8.6099 32.973 6.3318 37.051-2.5837 4.6251-8.9934 5.2946-11.664 1.2183zm-103.79-6.708c-3.1217-3.1217-3.6458-7.5149-2.5078-21.021 2.1414-25.414 0.53963-40.592-4.5726-43.328-1.5034-0.8046-12.889-1.5079-28.071-1.734-28.116-0.41865-29.714-0.82964-29.066-7.4734 0.57446-5.8868 7.4155-8.7402 21.001-8.7593 21.169-0.0299 43.498 2.0266 47.333 4.3593 8.0656 4.905 11.889 28.645 9.0123 55.966-1.9422 18.449-2.1835 19.612-4.5619 21.99-2.5064 2.5064-6.0612 2.5064-8.5677 0zm74.188-157.94c-3.6086-3.6086-3.6538-3.8291-3.6521-17.812 0.002-18.25 5.6914-48.969 10.039-54.208 2.3285-2.8057 8.2567-2.2684 10.513 0.95274 2.6922 3.8437 2.4492 8.4198-1.2138 22.86-1.7378 6.8508-3.5003 17.254-3.9165 23.118-0.96697 13.623-0.31457 14.323 12.375 13.286 28.799-2.3543 39.63-2.4085 45.343-0.22671 6.2914 2.4027 8.6992 5.6602 7.5546 10.221-1.1608 4.625-5.9498 5.8695-15.808 4.1078-6.3445-1.1338-10.638-1.15-17.918-0.0673-5.2654 0.78312-16.344 1.4239-24.618 1.4239-14.962 0-15.065-0.0202-18.699-3.6538zm-125.67-4.5092c-1.7209-2.6264-1.8901-4.5883-0.99758-11.562 1.3646-10.662 1.3612-25.104-0.008-34.298-1.2728-8.5463 0.51176-14.019 5.384-16.513 10.33-5.2868 39.005-10.662 57.011-10.686 10.246-0.0141 13.226 0.42571 16.529 2.4394 5.0888 3.1028 6.5008 7.9363 3.3389 11.43-2.1096 2.3311-3.2529 2.4771-13.586 1.7354-14.901-1.0696-46.76 4.0784-51.243 8.28-0.69161 0.64826-1.048 7.434-0.83121 15.829 0.402 15.571-1.3285 29.046-4.3274 33.697-2.5741 3.9923-8.5468 3.8065-11.271-0.35059z')]
	Transform: None
	d: m400.57 507.29c-1.0456-1.5957-2.7573-6.5507-3.8038-11.011s-4.1632-15.984-6.9259-25.608c-5.549-19.33-6.0866-25.374-2.8337-31.86 2.8487-5.6798 6.7151-7.4764 16.138-7.499 4.2364-0.01 12.111-0.86207 17.5-1.8932 19.596-3.7498 29.172-1.9034 29.172 5.6248 0 4.4147-3.9374 7.5-9.5714 7.5-2.2083 0-7.9159 0.82055-12.684 1.8235-4.7676 1.0029-12.448 2.2106-17.067 2.6839-4.9935 0.51159-8.6478 1.5111-9.014 2.4655-0.33876 0.88277 1.6506 9.6594 4.4208 19.504 7.5758 26.921 8.6099 32.973 6.3318 37.051-2.5837 4.6251-8.9934 5.2946-11.664 1.2183zm-103.79-6.708c-3.1217-3.1217-3.6458-7.5149-2.5078-21.021 2.1414-25.414 0.53963-40.592-4.5726-43.328-1.5034-0.8046-12.889-1.5079-28.071-1.734-28.116-0.41865-29.714-0.82964-29.066-7.4734 0.57446-5.8868 7.4155-8.7402 21.001-8.7593 21.169-0.0299 43.498 2.0266 47.333 4.3593 8.0656 4.905 11.889 28.645 9.0123 55.966-1.9422 18.449-2.1835 19.612-4.5619 21.99-2.5064 2.5064-6.0612 2.5064-8.5677 0zm74.188-157.94c-3.6086-3.6086-3.6538-3.8291-3.6521-17.812 0.002-18.25 5.6914-48.969 10.039-54.208 2.3285-2.8057 8.2567-2.2684 10.513 0.95274 2.6922 3.8437 2.4492 8.4198-1.2138 22.86-1.7378 6.8508-3.5003 17.254-3.9165 23.118-0.96697 13.623-0.31457 14.323 12.375 13.286 28.799-2.3543 39.63-2.4085 45.343-0.22671 6.2914 2.4027 8.6992 5.6602 7.5546 10.221-1.1608 4.625-5.9498 5.8695-15.808 4.1078-6.3445-1.1338-10.638-1.15-17.918-0.0673-5.2654 0.78312-16.344 1.4239-24.618 1.4239-14.962 0-15.065-0.0202-18.699-3.6538zm-125.67-4.5092c-1.7209-2.6264-1.8901-4.5883-0.99758-11.562 1.3646-10.662 1.3612-25.104-0.008-34.298-1.2728-8.5463 0.51176-14.019 5.384-16.513 10.33-5.2868 39.005-10.662 57.011-10.686 10.246-0.0141 13.226 0.42571 16.529 2.4394 5.0888 3.1028 6.5008 7.9363 3.3389 11.43-2.1096 2.3311-3.2529 2.4771-13.586 1.7354-14.901-1.0696-46.76 4.0784-51.243 8.28-0.69161 0.64826-1.048 7.434-0.83121 15.829 0.402 15.571-1.3285 29.046-4.3274 33.697-2.5741 3.9923-8.5468 3.8065-11.271-0.35059z
	m: None
	d is GOOD!
	Points: <generator object point_generator at 0x000001B83977F888>
	  pt: (220.611291875, 251.72392134375002)
	    --Point printed
	  pt: (220.45445187500002, 251.48456634375)
	    --Point printed
	  pt: (219.833991875, 249.79581384375)
	    --Point printed
	  pt: (219.156201875, 247.08253134375)
	    --Point printed
	  pt: (216.976206875, 239.28847134375)
	    --Point printed
	  pt: (216.1860546875, 236.05608384375)
	    --Point printed
	  pt: (215.94550718750003, 234.15892134375)
	    --Point printed
	  pt: (215.9524058984375, 233.22729946874998)
	    --Point printed
	  pt: (216.07735835937498, 232.41194634375)
	    --Point printed
	  pt: (216.31607234375002, 231.66459946875)
	    --Point printed
	  pt: (216.649098125, 230.96722884374998)
	    --Point printed
	  pt: (216.998748125, 230.416792125)
	    --Point printed
	  pt: (217.39829656249998, 229.96568353125002)
	    --Point printed
	  pt: (217.86370015625, 229.60648790625)
	    --Point printed
	  pt: (218.41091562499997, 229.33179009375002)
	    --Point printed
	  pt: (219.0558996875, 229.1341749375)
	    --Point printed
	  pt: (220.07442125, 228.96717384375)
	    --Point printed
	  pt: (222.01913187499997, 228.92902134374998)
	    --Point printed
	  pt: (224.83055187499997, 228.65847084375)
	    --Point printed
	  pt: (227.368521875, 228.22194384374998)
	    --Point printed
	  pt: (229.3387484375, 227.93135259375)
	    --Point printed
	  pt: (231.02924374999998, 227.79855571874998)
	    --Point printed
	  pt: (232.44156875, 227.82385415624998)
	    --Point printed
	  pt: (233.57728437499998, 228.00754884375)
	    --Point printed
	  pt: (234.4379515625, 228.34994071875)
	    --Point printed
	  pt: (235.02513125, 228.85133071875)
	    --Point printed
	  pt: (235.340384375, 229.51201978125002)
	    --Point printed
	  pt: (235.385271875, 230.21555259375)
	    --Point printed
	  pt: (235.29561499999997, 230.6789908359375)
	    --Point printed
	  pt: (235.10572249999998, 231.096808921875)
	    --Point printed
	  pt: (234.8234721875, 231.462833765625)
	    --Point printed
	  pt: (234.45674187499998, 231.77089228124998)
	    --Point printed
	  pt: (234.01340937499998, 232.0148113828125)
	    --Point printed
	  pt: (233.327140625, 232.24215196875)
	    --Point printed
	  pt: (232.182606875, 232.30000134374998)
	    --Point printed
	  pt: (230.209544375, 232.55984634375002)
	    --Point printed
	  pt: (227.99351187499997, 232.99748634375)
	    --Point printed
	  pt: (225.20385687499999, 233.45515134375)
	    --Point printed
	  pt: (222.839526875, 233.72895984375)
	    --Point printed
	  pt: (221.47834999999998, 234.03719915625)
	    --Point printed
	  pt: (221.00093375, 234.24786553125)
	    --Point printed
	  pt: (220.858944875, 234.45807909375)
	    --Point printed
	  pt: (220.986479375, 235.332759)
	    --Point printed
	  pt: (221.438094875, 237.36978909375)
	    --Point printed
	  pt: (222.77877687499995, 242.26214634375)
	    --Point printed
	  pt: (223.90032406249998, 246.54004321875)
	    --Point printed
	  pt: (224.33798093749996, 248.77464946875)
	    --Point printed
	  pt: (224.43345605468747, 249.741372515625)
	    --Point printed
	  pt: (224.40549898437496, 250.4754361875)
	    --Point printed
	  pt: (224.2654634375, 251.04326821875)
	    --Point printed
	  pt: (224.01324312499997, 251.53181259375)
	    --Point printed
	  pt: (223.64177035156246, 251.95850095312503)
	    --Point printed
	  pt: (223.198152734375, 252.27023400000002)
	    --Point printed
	  pt: (222.70898632812498, 252.46423368749998)
	    --Point printed
	  pt: (222.20086718749997, 252.53772196875)
	    --Point printed
	  pt: (221.70039136718748, 252.487920796875)
	    --Point printed
	  pt: (221.23415492187496, 252.31205212499998)
	    --Point printed
	  pt: (220.82875390624997, 252.00733790625)
	    --Point printed
	  pt: (220.61093187499998, 251.72386134375)
	    --Point printed
	  pt: (220.611291875, 251.72392134375002)
	    --Point printed
	Points: <generator object point_generator at 0x000001B83977F7D8>
	  pt: (69.30329187500001, 97.52452134375001)
	    --Point printed
	  pt: (69.18622812500001, 97.40745759375001)
	    --Point printed
	  pt: (68.8948218359375, 97.01727642187501)
	    --Point printed
	  pt: (68.67208789062501, 96.55457775)
	    --Point printed
	  pt: (68.51473742187501, 95.99179415625001)
	    --Point printed
	  pt: (68.39105750000002, 95.06310009375001)
	    --Point printed
	  pt: (68.41141625, 93.07326946875001)
	    --Point printed
	  pt: (68.71155687500001, 89.31217134375001)
	    --Point printed
	  pt: (68.83396786718751, 85.33025728125001)
	    --Point printed
	  pt: (68.77986399218752, 83.31788540625001)
	    --Point printed
	  pt: (68.62321053125001, 81.61925259375002)
	    --Point printed
	  pt: (68.36482560546875, 80.24211431250001)
	    --Point printed
	  pt: (68.0055273359375, 79.19422603125001)
	    --Point printed
	  pt: (67.54613384375003, 78.48334321875001)
	    --Point printed
	  pt: (67.06641687500002, 78.15947634375001)
	    --Point printed
	  pt: (65.85875000000001, 77.99146228125001)
	    --Point printed
	  pt: (63.02774187500002, 77.80324134375)
	    --Point printed
	  pt: (56.649171875, 77.66822259375002)
	    --Point printed
	  pt: (53.19560937500001, 77.54642219531252)
	    --Point printed
	  pt: (51.80438750000001, 77.41217842968751)
	    --Point printed
	  pt: (50.874546875000014, 77.20502006250001)
	    --Point printed
	  pt: (50.32075625, 76.90300808203125)
	    --Point printed
	  pt: (50.05768437500001, 76.48420347656251)
	    --Point printed
	  pt: (50.00000000000001, 75.926667234375)
	    --Point printed
	  pt: (50.05961412500001, 75.23684634375002)
	    --Point printed
	  pt: (50.271673859375014, 74.64544333593751)
	    --Point printed
	  pt: (50.66222121875, 74.13842142187501)
	    --Point printed
	  pt: (51.23293625000001, 73.71508064062502)
	    --Point printed
	  pt: (51.98549900000001, 73.37472103125)
	    --Point printed
	  pt: (52.921589515625016, 73.1166426328125)
	    --Point printed
	  pt: (54.04288784375001, 72.94014548437501)
	    --Point printed
	  pt: (55.351074031250015, 72.844529625)
	    --Point printed
	  pt: (57.92604687500001, 72.82756884375002)
	    --Point printed
	  pt: (62.61356562500001, 72.99947071875002)
	    --Point printed
	  pt: (66.69455937500001, 73.33821009375)
	    --Point printed
	  pt: (69.1717484375, 73.71482025000002)
	    --Point printed
	  pt: (70.16395625000001, 73.96394353125001)
	    --Point printed
	  pt: (70.689501875, 74.22957009375001)
	    --Point printed
	  pt: (71.1179751904297, 74.61360319921877)
	    --Point printed
	  pt: (71.64580496093751, 75.29692087500001)
	    --Point printed
	  pt: (72.32004476562501, 76.73053415625002)
	    --Point printed
	  pt: (72.85481023437501, 78.56875134375002)
	    --Point printed
	  pt: (73.24146031250001, 80.75794509375001)
	    --Point printed
	  pt: (73.47135394531252, 83.24448806250001)
	    --Point printed
	  pt: (73.53585007812501, 85.97475290625002)
	    --Point printed
	  pt: (73.42630765625, 88.89511228125002)
	    --Point printed
	  pt: (73.09629687500001, 92.31107634375002)
	    --Point printed
	  pt: (72.78278000000002, 95.01498571875001)
	    --Point printed
	  pt: (72.51668937500001, 96.46800759375002)
	    --Point printed
	  pt: (72.19008125000002, 97.19048259375002)
	    --Point printed
	  pt: (71.68541187500001, 97.71238134375001)
	    --Point printed
	  pt: (71.04284093750002, 98.04134634375)
	    --Point printed
	  pt: (70.36095125000001, 98.08834134375002)
	    --Point printed
	  pt: (69.69871250000001, 97.85336634375001)
	    --Point printed
	  pt: (69.303081875, 97.52440134375001)
	    --Point printed
	  pt: (69.30329187500001, 97.52452134375001)
	    --Point printed
	Points: <generator object point_generator at 0x000001B83977F888>
	  pt: (122.69669187500001, 52.15492134375001)
	    --Point printed
	  pt: (122.42604687500001, 51.88427634375001)
	    --Point printed
	  pt: (121.99196398437502, 51.34118189062501)
	    --Point printed
	  pt: (121.82050414062502, 50.96402470312501)
	    --Point printed
	  pt: (121.67339375000002, 50.312120718750016)
	    --Point printed
	  pt: (121.60168625000001, 48.65071134375001)
	    --Point printed
	  pt: (121.60113687500001, 46.12694634375001)
	    --Point printed
	  pt: (121.72642296875001, 43.82605064062501)
	    --Point printed
	  pt: (121.97871781250001, 41.35235025000001)
	    --Point printed
	  pt: (122.33330937500001, 38.83925962500001)
	    --Point printed
	  pt: (122.76548562500001, 36.42019321875)
	    --Point printed
	  pt: (123.25053453125001, 34.22856548437501)
	    --Point printed
	  pt: (123.76374406250002, 32.39779087500001)
	    --Point printed
	  pt: (124.28040218750002, 31.061283843750005)
	    --Point printed
	  pt: (124.70008062500001, 30.443707593750005)
	    --Point printed
	  pt: (125.03788343750001, 30.205645453125)
	    --Point printed
	  pt: (125.4428421875, 30.058515375000013)
	    --Point printed
	  pt: (125.88939265625001, 30.0)
	    --Point printed
	  pt: (126.50610687500001, 30.04175109375001)
	    --Point printed
	  pt: (127.22295218750001, 30.332968500000007)
	    --Point printed
	  pt: (127.58022734375001, 30.605738343750005)
	    --Point printed
	  pt: (127.86761937500002, 30.978882093750016)
	    --Point printed
	  pt: (128.10113, 31.439165179687507)
	    --Point printed
	  pt: (128.24981562500002, 31.962851859375007)
	    --Point printed
	  pt: (128.311971875, 32.58204576562501)
	    --Point printed
	  pt: (128.27223687500003, 33.58606396875001)
	    --Point printed
	  pt: (127.88784687500001, 35.71166521875)
	    --Point printed
	  pt: (127.14185187500001, 38.72036334375001)
	    --Point printed
	  pt: (126.45340437500002, 42.528503343749996)
	    --Point printed
	  pt: (126.155049125, 45.64986834375001)
	    --Point printed
	  pt: (126.16844515625002, 47.31360740625)
	    --Point printed
	  pt: (126.33520489062502, 47.973696468750006)
	    --Point printed
	  pt: (126.66959300000002, 48.401412093750004)
	    --Point printed
	  pt: (127.20823456250001, 48.63608006250001)
	    --Point printed
	  pt: (127.98775465625002, 48.717026156250014)
	    --Point printed
	  pt: (129.04477835937502, 48.683576156250005)
	    --Point printed
	  pt: (132.09999687500002, 48.43737084375001)
	    --Point printed
	  pt: (137.015740625, 48.12268668750001)
	    --Point printed
	  pt: (140.391959375, 48.064359656250005)
	    --Point printed
	  pt: (142.2497421875, 48.2208446015625)
	    --Point printed
	  pt: (143.09050625, 48.39277729687501)
	    --Point printed
	  pt: (144.014826875, 48.72613284375)
	    --Point printed
	  pt: (144.905523125, 49.24390260937502)
	    --Point printed
	  pt: (145.30848875, 49.58863026562502)
	    --Point printed
	  pt: (145.60610937500002, 49.962655031250016)
	    --Point printed
	  pt: (145.79954937500003, 50.367553664062505)
	    --Point printed
	  pt: (145.889973125, 50.804902921875)
	    --Point printed
	  pt: (145.878545, 51.27627956250001)
	    --Point printed
	  pt: (145.76582187500003, 51.785667843750005)
	    --Point printed
	  pt: (145.548507265625, 52.22718850781251)
	    --Point printed
	  pt: (145.22239484375, 52.575387140625004)
	    --Point printed
	  pt: (144.78241859375, 52.831579640625)
	    --Point printed
	  pt: (144.2235125, 52.99708190625)
	    --Point printed
	  pt: (143.540610546875, 53.0732098359375)
	    --Point printed
	  pt: (142.450634375, 53.05245909375)
	    --Point printed
	  pt: (140.59111437500002, 52.75953534375001)
	    --Point printed
	  pt: (139.3086565625, 52.60903003125)
	    --Point printed
	  pt: (138.06803000000002, 52.58355346875001)
	    --Point printed
	  pt: (136.727555, 52.68257971875001)
	    --Point printed
	  pt: (134.90174187500003, 52.94184834375001)
	    --Point printed
	  pt: (130.998696875, 53.20349184375001)
	    --Point printed
	  pt: (127.184001875, 53.25155034375001)
	    --Point printed
	  pt: (125.03817687500002, 53.21597034375001)
	    --Point printed
	  pt: (124.05063312500002, 53.07781659375001)
	    --Point printed
	  pt: (123.63302609375002, 52.92769331250001)
	    --Point printed
	  pt: (123.175345625, 52.63269909375001)
	    --Point printed
	  pt: (122.69645187500001, 52.15541034375001)
	    --Point printed
	  pt: (122.69669187500001, 52.15492134375001)
	    --Point printed
	Points: <generator object point_generator at 0x000001B83977F780>
	  pt: (62.73929187500001, 98.18416134375)
	    --Point printed
	  pt: (62.610224375000016, 97.98718134375001)
	    --Point printed
	  pt: (62.363900187500015, 97.40532290625)
	    --Point printed
	  pt: (62.27376800000001, 96.68535946875001)
	    --Point printed
	  pt: (62.32604712500001, 95.66764509375001)
	    --Point printed
	  pt: (62.542362875000016, 93.91591134375001)
	    --Point printed
	  pt: (62.72116850000001, 91.24722384375)
	    --Point printed
	  pt: (62.74615662500001, 88.49183634375001)
	    --Point printed
	  pt: (62.61738912500001, 85.90366134375)
	    --Point printed
	  pt: (62.34215787500001, 83.78518884375)
	    --Point printed
	  pt: (62.33302306250001, 82.41261032812501)
	    --Point printed
	  pt: (62.43389281250001, 81.69474454687501)
	    --Point printed
	  pt: (62.62110612500002, 81.06221165625001)
	    --Point printed
	  pt: (62.89476959375002, 80.51467802343751)
	    --Point printed
	  pt: (63.25498981250002, 80.05181001562501)
	    --Point printed
	  pt: (63.70187337500002, 79.673274)
	    --Point printed
	  pt: (64.44019287500001, 79.27400634375002)
	    --Point printed
	  pt: (65.99827803125001, 78.68354400000001)
	    --Point printed
	  pt: (67.93631318750002, 78.11609353125)
	    --Point printed
	  pt: (70.15229600000002, 77.59077853125001)
	    --Point printed
	  pt: (72.54422412500003, 77.12672259375002)
	    --Point printed
	  pt: (75.01009521875002, 76.7430493125)
	    --Point printed
	  pt: (77.44790693750002, 76.45888228125001)
	    --Point printed
	  pt: (79.75565693750002, 76.29334509375002)
	    --Point printed
	  pt: (81.92456787500002, 76.26540384375002)
	    --Point printed
	  pt: (83.61987725000002, 76.31528512500002)
	    --Point printed
	  pt: (84.78234912500002, 76.45823015625001)
	    --Point printed
	  pt: (85.62542412500002, 76.72573809375001)
	    --Point printed
	  pt: (86.30564787500002, 77.11463634375002)
	    --Point printed
	  pt: (86.79091158593752, 77.50066638281251)
	    --Point printed
	  pt: (87.16856014062502, 77.920979390625)
	    --Point printed
	  pt: (87.43543967187502, 78.36478064062501)
	    --Point printed
	  pt: (87.58839631250001, 78.82127540625001)
	    --Point printed
	  pt: (87.62427619531252, 79.27966896093751)
	    --Point printed
	  pt: (87.53992545312502, 79.72916657812502)
	    --Point printed
	  pt: (87.33219021875001, 80.15897353125001)
	    --Point printed
	  pt: (86.95826787500002, 80.60211384375002)
	    --Point printed
	  pt: (86.47898506250002, 80.93392134375001)
	    --Point printed
	  pt: (85.72755725000002, 81.06855759375001)
	    --Point printed
	  pt: (84.41834412500002, 81.04251196875)
	    --Point printed
	  pt: (82.48190037500002, 80.90779134375002)
	    --Point printed
	  pt: (80.46003865625002, 80.92479103125001)
	    --Point printed
	  pt: (78.16904881250002, 81.08307946875001)
	    --Point printed
	  pt: (75.76479256250002, 81.35747071875002)
	    --Point printed
	  pt: (73.40313162500001, 81.72277884375)
	    --Point printed
	  pt: (71.23992771875001, 82.15381790625001)
	    --Point printed
	  pt: (69.43104256250001, 82.62540196875001)
	    --Point printed
	  pt: (68.13233787500002, 83.11234509375001)
	    --Point printed
	  pt: (67.61591712500001, 83.48052084375001)
	    --Point printed
	  pt: (67.49396262500002, 84.15931603125001)
	    --Point printed
	  pt: (67.39637637500002, 85.78279584375001)
	    --Point printed
	  pt: (67.44857487500002, 89.34842634375002)
	    --Point printed
	  pt: (67.34720393750001, 92.59232634375002)
	    --Point printed
	  pt: (67.03833050000003, 95.34812634375001)
	    --Point printed
	  pt: (66.63290839062502, 97.10250759375002)
	    --Point printed
	  pt: (66.33917675000002, 97.89951384375001)
	    --Point printed
	  pt: (66.02367612500001, 98.43941259375002)
	    --Point printed
	  pt: (65.66222475781252, 98.79086448046877)
	    --Point printed
	  pt: (65.23634604687501, 99.02577672656251)
	    --Point printed
	  pt: (64.76940870312501, 99.14487639843752)
	    --Point printed
	  pt: (64.28478143750002, 99.14889056250001)
	    --Point printed
	  pt: (63.805832960937515, 99.03854628515626)
	    --Point printed
	  pt: (63.35593198437502, 98.81457063281252)
	    --Point printed
	  pt: (62.95844721875002, 98.47769067187501)
	    --Point printed
	  pt: (62.73890487500002, 98.18452434375001)
	    --Point printed
	  pt: (62.73929187500001, 98.18416134375)
	    --Point printed
	NO PATH INSTRUCTIONS FOUND!!
