Input File: M:\Git\SeAMKPiirturi\static\Rinkula.svg
Output File: M:\Git\SeAMKPiirturi\TuotetutNCTiedostot\Rinkula.nc
Log File: M:\Git\SeAMKPiirturi\static\..\log\Rinkula.log

wdth: 210mm
hght: 297mm
scale: 0.6
x%: 5.380952380952381
y%: 1.6835016835016836
--Found Elem: <Element '{http://www.w3.org/2000/svg}svg' at 0x000002D6EF88F4A8>
  --No Name: svg
--Found Elem: <Element '{http://www.w3.org/2000/svg}metadata' at 0x000002D6EF88F4F8>
  --No Name: metadata
--Found Elem: <Element '{http://www.w3.org/1999/02/22-rdf-syntax-ns#}RDF' at 0x000002D6EF88F598>
  --No Name: RDF
--Found Elem: <Element '{http://creativecommons.org/ns#}Work' at 0x000002D6EF88F5E8>
  --No Name: Work
--Found Elem: <Element '{http://purl.org/dc/elements/1.1/}format' at 0x000002D6EF88F638>
  --No Name: format
--Found Elem: <Element '{http://purl.org/dc/elements/1.1/}type' at 0x000002D6EF88F688>
  --No Name: type
--Found Elem: <Element '{http://purl.org/dc/elements/1.1/}title' at 0x000002D6EF88F6D8>
  --No Name: title
--Found Elem: <Element '{http://www.w3.org/2000/svg}g' at 0x000002D6EF88F778>
  --No Name: g
--Found Elem: <Element '{http://www.w3.org/2000/svg}path' at 0x000002D6EF88F7C8>
  --Name: path
	Class : <class 'shapes.path'>
	Object: <Element '{http://www.w3.org/2000/svg}path' at 0x000002D6EF88F7C8>
	Attrs : [('id', 'path3401'), ('d', 'm333.08 516.33c-14.134-2.0008-18.627-3.2911-28.294-8.1263-25.495-12.752-64.459-53.638-73.529-77.157-6.3299-16.414-6.7727-19.591-6.0903-43.7 0.61294-21.652 0.792-22.86 7.0026-47.221 5.958-23.37 11.838-40.812 16.224-48.125 6.4584-10.768 16.257-16.575 39.286-23.28 15.072-4.3884 15.466-4.4338 31.513-3.6277 40.3 2.0245 45.589 3.2565 65.377 15.229 14.858 8.9892 23.784 17.123 31.754 28.934 8.1896 12.136 10.158 16.6 23.593 53.504 13.472 37.006 14.858 42.425 14.883 58.165 0.0226 14.779-2.2598 27.259-8.5555 46.78-5.4605 16.931-8.6303 23.731-12.867 27.601-4.1039 3.7491-24.63 13.823-37.309 18.31-9.8642 3.4914-12.057 3.7858-30.625 4.1114-12.362 0.21684-24.721-0.31753-32.363-1.3992zm56.738-17.459c13.105-4.167 31.696-13.58 34.117-17.275 3.3509-5.1142 13.12-37.649 14.659-48.822 2.4391-17.704 0.6791-25.808-14.908-68.651-10.281-28.259-12.993-34.481-19.348-44.395-9.8509-15.368-23.596-25.306-44.191-31.949-16.129-5.2027-25.971-6.8344-43.509-7.2134-10.482-0.22655-14.318 0.28313-24.32 3.2313-15.351 4.5249-24.126 8.6811-27.968 13.247-4.2996 5.1098-9.8579 20.162-15.014 40.66-8.8636 35.236-9.8022 41.044-9.2697 57.358 0.89526 27.428 8.6326 42.077 37.17 70.374 18.863 18.704 34.32 29.97 45.025 32.818 21.34 5.6772 50.795 5.946 67.557 0.61647z')]
	Transform: None
	d: m333.08 516.33c-14.134-2.0008-18.627-3.2911-28.294-8.1263-25.495-12.752-64.459-53.638-73.529-77.157-6.3299-16.414-6.7727-19.591-6.0903-43.7 0.61294-21.652 0.792-22.86 7.0026-47.221 5.958-23.37 11.838-40.812 16.224-48.125 6.4584-10.768 16.257-16.575 39.286-23.28 15.072-4.3884 15.466-4.4338 31.513-3.6277 40.3 2.0245 45.589 3.2565 65.377 15.229 14.858 8.9892 23.784 17.123 31.754 28.934 8.1896 12.136 10.158 16.6 23.593 53.504 13.472 37.006 14.858 42.425 14.883 58.165 0.0226 14.779-2.2598 27.259-8.5555 46.78-5.4605 16.931-8.6303 23.731-12.867 27.601-4.1039 3.7491-24.63 13.823-37.309 18.31-9.8642 3.4914-12.057 3.7858-30.625 4.1114-12.362 0.21684-24.721-0.31753-32.363-1.3992zm56.738-17.459c13.105-4.167 31.696-13.58 34.117-17.275 3.3509-5.1142 13.12-37.649 14.659-48.822 2.4391-17.704 0.6791-25.808-14.908-68.651-10.281-28.259-12.993-34.481-19.348-44.395-9.8509-15.368-23.596-25.306-44.191-31.949-16.129-5.2027-25.971-6.8344-43.509-7.2134-10.482-0.22655-14.318 0.28313-24.32 3.2313-15.351 4.5249-24.126 8.6811-27.968 13.247-4.2996 5.1098-9.8579 20.162-15.014 40.66-8.8636 35.236-9.8022 41.044-9.2697 57.358 0.89526 27.428 8.6326 42.077 37.17 70.374 18.863 18.704 34.32 29.97 45.025 32.818 21.34 5.6772 50.795 5.946 67.557 0.61647z
	m: None
	d is GOOD!
	Points: <generator object point_generator at 0x000002D6EF881888>
	  pt: (305.76080375, 481.29062250000004)
	    --Point printed
	  pt: (303.64070374999994, 480.99050249999993)
	    --Point printed
	  pt: (298.81030999999996, 480.1435725)
	    --Point printed
	  pt: (295.03801625, 479.1373500000001)
	    --Point printed
	  pt: (291.49047874999997, 477.73246875000007)
	    --Point printed
	  pt: (287.82834125, 475.93664249999995)
	    --Point printed
	  pt: (284.8150179101562, 474.18567755859374)
	    --Point printed
	  pt: (280.60617640625, 471.37710421875)
	    --Point printed
	  pt: (273.98897093749997, 466.13980031250003)
	    --Point printed
	  pt: (267.32555843750004, 460.0664596875)
	    --Point printed
	  pt: (260.920835, 453.47701125000003)
	    --Point printed
	  pt: (255.07969671874997, 446.69138390625005)
	    --Point printed
	  pt: (250.90604515624997, 441.13045734375)
	    --Point printed
	  pt: (248.74501302734373, 437.91115119140625)
	    --Point printed
	  pt: (246.90273324218748, 434.8294255078125)
	    --Point printed
	  pt: (245.4173178125, 431.92527140625)
	    --Point printed
	  pt: (243.71751875, 427.65854250000007)
	    --Point printed
	  pt: (242.15990703125, 423.0083409375)
	    --Point printed
	  pt: (241.54000765625, 420.4638346875)
	    --Point printed
	  pt: (241.139650625, 417.86307375)
	    --Point printed
	  pt: (240.925353828125, 414.96580734375004)
	    --Point printed
	  pt: (240.85029874999998, 410.34839250000005)
	    --Point printed
	  pt: (241.10476475, 400.6528425)
	    --Point printed
	  pt: (241.42046187499997, 393.92524875000004)
	    --Point printed
	  pt: (242.12344249999998, 388.52778000000006)
	    --Point printed
	  pt: (243.5773865, 382.008105)
	    --Point printed
	  pt: (246.10808375, 372.06254250000006)
	    --Point printed
	  pt: (248.74800875, 362.73631125)
	    --Point printed
	  pt: (251.26418374999997, 355.058955)
	    --Point printed
	  pt: (253.57695874999996, 349.26678000000004)
	    --Point printed
	  pt: (255.43316375, 345.88544250000007)
	    --Point printed
	  pt: (257.06605578125004, 343.68145734375)
	    --Point printed
	  pt: (258.9795546875, 341.70160031250003)
	    --Point printed
	  pt: (261.2432009375, 339.9046753125)
	    --Point printed
	  pt: (263.92653499999994, 338.24948625)
	    --Point printed
	  pt: (267.09909734375, 336.69483703125)
	    --Point printed
	  pt: (270.8304284375, 335.1995315625)
	    --Point printed
	  pt: (275.19006875, 333.72237375000003)
	    --Point printed
	  pt: (280.78118375, 332.06678250000004)
	    --Point printed
	  pt: (285.380165, 330.84084937500006)
	    --Point printed
	  pt: (288.95142125, 330.33022875000006)
	    --Point printed
	  pt: (293.20107125000004, 330.33852375000004)
	    --Point printed
	  pt: (303.47318375, 330.8520975)
	    --Point printed
	  pt: (314.030268125, 331.6545928125)
	    --Point printed
	  pt: (318.91035875, 332.30816625000006)
	    --Point printed
	  pt: (322.98147125, 333.18746625000006)
	    --Point printed
	  pt: (326.5917228125, 334.37358421875007)
	    --Point printed
	  pt: (330.08923062499997, 335.9476115625)
	    --Point printed
	  pt: (333.822111875, 337.9906396875)
	    --Point printed
	  pt: (338.88308374999997, 341.03420250000005)
	    --Point printed
	  pt: (343.63500875, 344.3405821875)
	    --Point printed
	  pt: (346.17259624999997, 346.3543021875)
	    --Point printed
	  pt: (348.49313374999997, 348.42613875)
	    --Point printed
	  pt: (350.63160875, 350.5879617187501)
	    --Point printed
	  pt: (353.27993374999994, 353.6408175)
	    --Point printed
	  pt: (356.93522375, 358.86662250000006)
	    --Point printed
	  pt: (359.785715, 363.6414225000001)
	    --Point printed
	  pt: (362.56302125, 369.6984225000001)
	    --Point printed
	  pt: (366.26208124999994, 379.2939225000001)
	    --Point printed
	  pt: (371.88338375, 394.69952250000006)
	    --Point printed
	  pt: (375.88075249999997, 406.21543500000007)
	    --Point printed
	  pt: (377.65810250000004, 412.5751725000001)
	    --Point printed
	  pt: (378.2832064062501, 415.75157250000007)
	    --Point printed
	  pt: (378.6306603125, 418.72275375000004)
	    --Point printed
	  pt: (378.77587437500006, 421.78338187500003)
	    --Point printed
	  pt: (378.79577374999997, 426.26447250000007)
	    --Point printed
	  pt: (378.341725625, 432.6590850000001)
	    --Point printed
	  pt: (377.24092999999993, 439.2369225000001)
	    --Point printed
	  pt: (375.397295, 446.52336)
	    --Point printed
	  pt: (372.84000875000004, 454.65527250000014)
	    --Point printed
	  pt: (370.749335, 460.50967875000015)
	    --Point printed
	  pt: (368.92224875, 464.6246850000001)
	    --Point printed
	  pt: (367.169885, 467.40534750000006)
	    --Point printed
	  pt: (365.63109124999994, 468.9574050000001)
	    --Point printed
	  pt: (363.9948042968749, 470.0695094531251)
	    --Point printed
	  pt: (360.852430625, 471.88823812500004)
	    --Point printed
	  pt: (354.506765, 475.0675912500001)
	    --Point printed
	  pt: (347.65144999999995, 478.10661375000007)
	    --Point printed
	  pt: (342.07385375, 480.18593250000015)
	    --Point printed
	  pt: (338.62247750000006, 481.21815375000006)
	    --Point printed
	  pt: (335.09367125, 481.77316500000006)
	    --Point printed
	  pt: (330.13481375, 482.0325525000002)
	    --Point printed
	  pt: (321.46988375, 482.19411450000007)
	    --Point printed
	  pt: (312.73050875, 481.9289583750001)
	    --Point printed
	  pt: (308.23017125, 481.59351975000004)
	    --Point printed
	  pt: (305.76068375, 481.28954250000004)
	    --Point printed
	  pt: (305.76080375, 481.29062250000004)
	    --Point printed
	  pt: (341.76935374999994, 470.1901725)
	    --Point printed
	  pt: (348.28917875, 467.53697250000005)
	    --Point printed
	  pt: (354.41915374999996, 464.52572250000003)
	    --Point printed
	  pt: (358.25469124999995, 462.21330375)
	    --Point printed
	  pt: (359.75906, 461.05807875000005)
	    --Point printed
	  pt: (360.52512125, 460.0666575)
	    --Point printed
	  pt: (361.545594921875, 457.744955625)
	    --Point printed
	  pt: (363.2131006249999, 453.15501000000006)
	    --Point printed
	  pt: (365.995235, 444.1159725)
	    --Point printed
	  pt: (367.94348515624995, 436.720365)
	    --Point printed
	  pt: (368.7611965625, 433.033239375)
	    --Point printed
	  pt: (369.25213625000004, 429.8292225)
	    --Point printed
	  pt: (369.5815353124999, 426.19190296875)
	    --Point printed
	  pt: (369.58447249999995, 422.67890531250004)
	    --Point printed
	  pt: (369.1932509375, 418.9784709375)
	    --Point printed
	  pt: (368.34017374999996, 414.77884125)
	    --Point printed
	  pt: (366.9575440625, 409.76825765625006)
	    --Point printed
	  pt: (364.28201749999994, 401.51661000000007)
	    --Point printed
	  pt: (358.58225374999995, 385.72757250000006)
	    --Point printed
	  pt: (355.16476624999996, 376.66054125000005)
	    --Point printed
	  pt: (352.60940374999996, 370.62216)
	    --Point printed
	  pt: (350.28549124999995, 366.16517250000004)
	    --Point printed
	  pt: (347.77678625, 362.17682250000007)
	    --Point printed
	  pt: (345.370865703125, 358.96854984375005)
	    --Point printed
	  pt: (342.71818671874996, 356.04569906250003)
	    --Point printed
	  pt: (339.79796703125, 353.3932584375001)
	    --Point printed
	  pt: (336.5894243749999, 350.99621625000003)
	    --Point printed
	  pt: (333.07177648437494, 348.83956078125004)
	    --Point printed
	  pt: (329.2242410937499, 346.90828031250004)
	    --Point printed
	  pt: (325.02603593749996, 345.18736312500005)
	    --Point printed
	  pt: (319.58165375, 343.3796175)
	    --Point printed
	  pt: (313.240235, 341.66449687500005)
	    --Point printed
	  pt: (307.26466624999995, 340.57897875000003)
	    --Point printed
	  pt: (300.86840374999997, 339.99265875000003)
	    --Point printed
	  pt: (294.3233037499999, 339.798)
	    --Point printed
	  pt: (290.6123037499999, 339.86601300000007)
	    --Point printed
	  pt: (287.43575374999995, 340.2273472500001)
	    --Point printed
	  pt: (284.07297874999995, 340.9777548750001)
	    --Point printed
	  pt: (279.00095374999995, 342.4494975)
	    --Point printed
	  pt: (273.2951975, 344.43116625000005)
	    --Point printed
	  pt: (268.94581624999995, 346.3882575)
	    --Point printed
	  pt: (266.3412303125, 348.03382875000005)
	    --Point printed
	  pt: (265.14535062499994, 349.0379184375)
	    --Point printed
	  pt: (264.2003337499999, 350.1021975)
	    --Point printed
	  pt: (263.17781492187487, 351.70741359375006)
	    --Point printed
	  pt: (261.73817937499996, 354.56473125)
	    --Point printed
	  pt: (259.43985499999997, 360.543825)
	    --Point printed
	  pt: (257.07631624999993, 368.16978000000006)
	    --Point printed
	  pt: (254.18486374999992, 379.4003625)
	    --Point printed
	  pt: (251.56117062499993, 390.4875750000001)
	    --Point printed
	  pt: (250.42796562499993, 396.7641750000001)
	    --Point printed
	  pt: (250.05884351562494, 399.96737343750004)
	    --Point printed
	  pt: (249.84799999999993, 404.02953750000006)
	    --Point printed
	  pt: (250.01972824999993, 410.58686250000005)
	    --Point printed
	  pt: (250.57459826562493, 416.22108515625007)
	    --Point printed
	  pt: (251.64519134374993, 421.38424218750004)
	    --Point printed
	  pt: (253.32964953124994, 426.26214843750006)
	    --Point printed
	  pt: (255.72611487499992, 431.04061875)
	    --Point printed
	  pt: (258.9327294218749, 435.90546796875003)
	    --Point printed
	  pt: (263.04763521875, 441.04251093749997)
	    --Point printed
	  pt: (268.1689743124999, 446.63756250000006)
	    --Point printed
	  pt: (275.08403374999995, 453.55976250000003)
	    --Point printed
	  pt: (281.6278306249999, 459.44428125)
	    --Point printed
	  pt: (285.2913181249999, 462.4396875)
	    --Point printed
	  pt: (288.73167125, 464.99373750000007)
	    --Point printed
	  pt: (291.9394259374999, 467.09954062500003)
	    --Point printed
	  pt: (294.90511812499994, 468.75020625)
	    --Point printed
	  pt: (297.6192837499999, 469.93884375000005)
	    --Point printed
	  pt: (300.87008374999994, 470.8707525)
	    --Point printed
	  pt: (306.0032056249999, 471.8941586015626)
	    --Point printed
	  pt: (311.3977212499999, 472.61156160937503)
	    --Point printed
	  pt: (316.9073243749999, 473.021626078125)
	    --Point printed
	  pt: (322.38570874999994, 473.1230165625001)
	    --Point printed
	  pt: (327.6865681249999, 472.91439761718755)
	    --Point printed
	  pt: (332.6635962499999, 472.394433796875)
	    --Point printed
	  pt: (337.17048687499994, 471.5617896562501)
	    --Point printed
	  pt: (339.8037837499999, 470.81484450000005)
	    --Point printed
	  pt: (339.80360375, 470.8152225)
	    --Point printed
