Input File: M:\Git\TarkistusKierros\static\SvgSuttu.svg
Debug resides in: svg2gcode
Output File: M:\Git\TarkistusKierros\TuotetutNCTiedostot\SvgSuttu.nc
Log File: M:\Git\TarkistusKierros\static\..\log\SvgSuttu.log

wdth: 107mm
hght: 101mm
scale: 0.6
x%: 10.560747663551401
y%: 4.9504950495049505
--Found Elem: <Element '{http://www.w3.org/2000/svg}svg' at 0x0000021EDCCCDF48>
--Found Elem: <Element '{http://www.w3.org/2000/svg}defs' at 0x0000021EDCCCDF98>
--Found Elem: <Element '{http://sodipodi.sourceforge.net/DTD/sodipodi-0.dtd}namedview' at 0x0000021EDCCDC0E8>
--Found Elem: <Element '{http://www.w3.org/2000/svg}metadata' at 0x0000021EDCCDC138>
--Found Elem: <Element '{http://www.w3.org/1999/02/22-rdf-syntax-ns#}RDF' at 0x0000021EDCCDC1D8>
--Found Elem: <Element '{http://creativecommons.org/ns#}Work' at 0x0000021EDCCDC228>
--Found Elem: <Element '{http://purl.org/dc/elements/1.1/}format' at 0x0000021EDCCDC278>
--Found Elem: <Element '{http://purl.org/dc/elements/1.1/}type' at 0x0000021EDCCDC2C8>
--Found Elem: <Element '{http://purl.org/dc/elements/1.1/}title' at 0x0000021EDCCDC318>
--Found Elem: <Element '{http://www.w3.org/2000/svg}g' at 0x0000021EDCCDC3B8>
--Found Elem: <Element '{http://www.w3.org/2000/svg}path' at 0x0000021EDCCDC408>
  --Name: path
	Class : <class 'shapes.path'>
	Object: <Element '{http://www.w3.org/2000/svg}path' at 0x0000021EDCCDC408>
	Attrs : [('style', 'fill:#000000'), ('d', 'm 244.38266,1043.7127 c -3.91675,-5.5526 -8.52756,-15.424 -10.65546,-22.8125 -2.77756,-9.6444 -6.07401,-12.6422 -37.71496,-34.29819 -19.67483,-13.466 -50.15981,-28.83192 -67.5,-34.02328 -9.10039,-2.72451 -13.75788,-3.36984 -24.375,-3.37739 -7.218753,-0.005 -15.781683,0.44645 -19.028743,1.00351 -5.65747,0.97057 -6.07461,0.83358 -10,-3.28403 -2.25294,-2.36327 -6.90876,-7.89391 -10.34626,-12.2903 -3.4375,-4.3964 -11.875,-14.00096 -18.75,-21.34346 C 14.398347,879.52339 7.7390071,870.53267 6.9365771,860.5314 c -0.66367,-8.27169 2.32391,-13.01666 13.1474499,-20.88125 4.25773,-3.09375 7.61463,-6.39223 7.45977,-7.32994 -0.15486,-0.93771 -2.25031,-2.4362 -4.65656,-3.32998 -2.40625,-0.89379 -7.04687,-2.59362 -10.3125,-3.77739 l -5.9374999,-2.15234 0,-9.35096 c 0,-8.33384 0.23794,-9.2763 2.1875,-8.66454 1.2031299,0.37752 9.2187499,3.64581 17.8124999,7.26285 14.07863,5.92558 16.55282,6.58086 25,6.62116 5.15625,0.0246 14.4375,-0.97633 20.625,-2.22431 15.01416,-3.02825 19.05151,-2.83152 35.766003,1.74278 22.05475,6.03577 20.73074,6.01193 21.53964,0.38787 0.38051,-2.64561 1.03625,-7.99651 1.4572,-11.89089 0.57267,-5.29802 1.7909,-8.44505 4.83882,-12.49999 2.2404,-2.98062 7.36939,-9.80868 11.39774,-15.17348 4.02835,-5.36479 12.56707,-14.76632 18.97494,-20.89228 6.40786,-6.12595 11.65066,-11.4397 11.65066,-11.80833 0,-0.36862 -38.53125,-0.67022 -85.625003,-0.67022 l -85.6249999,0 0,-8.75 0,-8.75 89.6874999,0.01 c 55.361743,0.006 92.716103,0.50089 97.600723,1.29351 6.96015,1.12942 9.29369,0.91731 19.375,-1.76117 16.19555,-4.30296 19.17804,-4.64559 28.33678,-3.25535 4.46875,0.67833 12.0625,1.76343 16.875,2.41133 11.184,1.50569 31.20078,8.93855 35.71271,13.26127 1.91435,1.83406 4.12203,4.88311 4.90595,6.77566 1.2685,3.06244 5.72209,6.2653 8.7119,6.2653 0.59836,0 1.27501,-9.72982 1.50369,-21.62182 0.34852,-18.12575 0.77411,-22.16804 2.63206,-25 3.05339,-4.65406 8.76529,-4.65294 11.81738,0.002 4.12997,6.29935 2.54767,87.43457 -2.10369,107.86951 -0.5477,2.40625 -2.99025,11.125 -5.42789,19.375 -2.43764,8.25 -4.82426,17.13318 -5.30362,19.74038 -0.49482,2.69128 -2.43223,6.30106 -4.48203,8.35085 -5.95137,5.95138 -13.12502,6.74042 -52.6409,5.79002 -30.38735,-0.73085 -35.15136,-0.58733 -38.53185,1.16079 -7.14244,3.6935 -16.69529,4.39246 -33.54956,2.45478 -8.65929,-0.99554 -17.00978,-2.17082 -18.55665,-2.61173 -4.52583,-1.29002 -3.43224,1.68982 4.85897,13.23991 17.55237,24.45138 32.96684,41.29554 46.70327,51.03496 9.70072,6.87803 24.29523,13.14695 27.62887,11.86772 0.89715,-0.34427 2.83799,-2.67134 4.31299,-5.17128 5.13554,-8.70407 19.69245,-27.15004 26.51241,-33.59551 7.62643,-7.20765 21.63771,-16.66961 30.65604,-20.70235 4.88115,-2.1827 8.45906,-2.64876 20.88995,-2.72118 17.65281,-0.10275 24.52021,1.90065 30.72035,8.96222 3.73232,4.25087 3.92637,4.9544 3.34933,12.14312 -1.37929,17.18298 -14.86801,32.38494 -39.69468,44.73644 -23.9532,11.91692 -29.94706,13.69689 -48.48159,14.39736 -13.60576,0.5142 -16.79745,0.99316 -17.66282,2.65056 -2.24018,4.29046 -5.10559,20.40983 -5.10559,28.72143 l 0,8.70501 13.35359,13.5482 c 11.71658,11.8875 22.89641,26.2268 22.89641,29.3672 0,0.5809 -8.3992,1.0562 -18.66489,1.0562 l -18.66487,0 -2.42482,-3.4375 z m -13.4715,-58.12505 c 0.31435,-1.54688 1.5105,-6.88998 2.6581,-11.87355 1.14762,-4.98358 1.78199,-9.85475 1.40974,-10.82483 -0.37225,-0.97007 -3.66706,-2.64089 -7.3218,-3.71295 -9.17196,-2.6904 -20.35962,-9.59838 -32.53723,-20.09057 -17.37849,-14.97326 -42.61736,-46.75414 -51.33186,-64.63729 -2.90173,-5.95467 -6.27752,-11.4546 -7.50176,-12.22206 -2.12956,-1.335 -15.29938,-5.05046 -52.149113,-14.7123 -27.42311,-7.19021 -28.10621,-7.29996 -34.71377,-5.57718 -5.92714,1.54538 -22.2226,11.8858 -24.55306,15.58035 -1.68348,2.66888 0.65642,6.81977 9.59965,17.0294 3.9643,4.52567 10.99555,12.64707 15.625,18.04755 4.62945,5.40049 12.09664,13.83799 16.59376,18.75 4.49712,4.91202 10.2544,11.54667 12.79397,14.74369 l 4.61739,5.81275 14.70603,-0.0113 c 26.976553,-0.0214 49.847833,7.29129 83.282403,26.62809 15.79212,9.13331 20.81002,12.37581 36.04999,23.29499 5.018,3.59531 9.81605,6.54843 10.66233,6.5625 0.84627,0.0141 1.79587,-1.24005 2.11023,-2.78693 z m 62.20634,-43.95114 c 22.1178,-8.00631 37.82264,-18.10237 44.45724,-28.57991 4.43204,-6.9992 5.16827,-11.46465 2.08526,-12.64771 -1.08747,-0.41731 -7.34635,-0.75874 -13.90861,-0.75874 -11.65019,0 -12.15595,0.12313 -21.46026,5.2215 -5.24089,2.87181 -11.40933,6.63474 -13.70764,8.36202 -6.12574,4.60379 -26.44625,28.95699 -26.44625,31.69462 0,0.53452 3.8704,0.97186 8.60089,0.97186 6.65133,0 11.27068,-0.96643 20.37937,-4.26364 z m 0.6227,-92.22141 c 0.7082,-0.90198 2.8168,-7.26495 4.68578,-14.13995 1.86899,-6.875 4.2473,-15.03125 5.28513,-18.125 1.03785,-3.09375 2.38338,-11.25 2.99005,-18.125 0.60668,-6.87499 1.47558,-15.9546 1.93088,-20.1769 l 0.82784,-7.67691 -7.33062,-2.13106 c -4.91596,-1.42911 -7.95356,-1.73812 -9.22184,-0.93811 -1.04018,0.65613 -9.77673,16.75015 -19.41455,35.76448 -14.25845,28.13029 -18.52857,35.4904 -22.91865,39.50333 -2.96743,2.71249 -5.12044,5.37581 -4.78448,5.91848 0.33596,0.54268 10.97255,1.16217 23.63685,1.37664 17.8817,0.30282 23.31366,0.0235 24.31361,-1.25 z m -68.06181,-5.40534 c 2.54183,-1.72721 6.17901,-5.80534 8.08264,-9.0625 1.90362,-3.25716 5.00249,-7.2255 6.88636,-8.81854 1.88388,-1.59303 6.1566,-7.78053 9.49496,-13.75 6.01137,-10.74918 25.24489,-49.40389 25.24489,-50.73608 0,-1.50323 -10.39809,-5.87103 -18.41085,-7.73361 -12.84388,-2.98559 -31.08026,-5.50887 -39.81393,-5.50887 -13.98185,0 -27.8566,9.38152 -49.63863,33.56358 -5.35614,5.94628 -11.19528,13.90516 -12.97588,17.68641 -1.7806,3.78125 -4.28894,8.36809 -5.57409,10.19296 -1.71247,2.43168 -2.33662,5.52738 -2.33662,11.5893 0,7.40718 0.29384,8.39023 2.8125,9.40931 5.73361,2.31989 33.1943,9.93744 44.6875,12.39624 6.53125,1.39726 13,2.78386 14.375,3.08133 6.93168,1.49961 12.70322,0.72311 17.16615,-2.30953 z'), ('id', 'path3416'), ('{http://www.inkscape.org/namespaces/inkscape}connector-curvature', '0')]
	Transform: None
	d: m 244.38266,1043.7127 c -3.91675,-5.5526 -8.52756,-15.424 -10.65546,-22.8125 -2.77756,-9.6444 -6.07401,-12.6422 -37.71496,-34.29819 -19.67483,-13.466 -50.15981,-28.83192 -67.5,-34.02328 -9.10039,-2.72451 -13.75788,-3.36984 -24.375,-3.37739 -7.218753,-0.005 -15.781683,0.44645 -19.028743,1.00351 -5.65747,0.97057 -6.07461,0.83358 -10,-3.28403 -2.25294,-2.36327 -6.90876,-7.89391 -10.34626,-12.2903 -3.4375,-4.3964 -11.875,-14.00096 -18.75,-21.34346 C 14.398347,879.52339 7.7390071,870.53267 6.9365771,860.5314 c -0.66367,-8.27169 2.32391,-13.01666 13.1474499,-20.88125 4.25773,-3.09375 7.61463,-6.39223 7.45977,-7.32994 -0.15486,-0.93771 -2.25031,-2.4362 -4.65656,-3.32998 -2.40625,-0.89379 -7.04687,-2.59362 -10.3125,-3.77739 l -5.9374999,-2.15234 0,-9.35096 c 0,-8.33384 0.23794,-9.2763 2.1875,-8.66454 1.2031299,0.37752 9.2187499,3.64581 17.8124999,7.26285 14.07863,5.92558 16.55282,6.58086 25,6.62116 5.15625,0.0246 14.4375,-0.97633 20.625,-2.22431 15.01416,-3.02825 19.05151,-2.83152 35.766003,1.74278 22.05475,6.03577 20.73074,6.01193 21.53964,0.38787 0.38051,-2.64561 1.03625,-7.99651 1.4572,-11.89089 0.57267,-5.29802 1.7909,-8.44505 4.83882,-12.49999 2.2404,-2.98062 7.36939,-9.80868 11.39774,-15.17348 4.02835,-5.36479 12.56707,-14.76632 18.97494,-20.89228 6.40786,-6.12595 11.65066,-11.4397 11.65066,-11.80833 0,-0.36862 -38.53125,-0.67022 -85.625003,-0.67022 l -85.6249999,0 0,-8.75 0,-8.75 89.6874999,0.01 c 55.361743,0.006 92.716103,0.50089 97.600723,1.29351 6.96015,1.12942 9.29369,0.91731 19.375,-1.76117 16.19555,-4.30296 19.17804,-4.64559 28.33678,-3.25535 4.46875,0.67833 12.0625,1.76343 16.875,2.41133 11.184,1.50569 31.20078,8.93855 35.71271,13.26127 1.91435,1.83406 4.12203,4.88311 4.90595,6.77566 1.2685,3.06244 5.72209,6.2653 8.7119,6.2653 0.59836,0 1.27501,-9.72982 1.50369,-21.62182 0.34852,-18.12575 0.77411,-22.16804 2.63206,-25 3.05339,-4.65406 8.76529,-4.65294 11.81738,0.002 4.12997,6.29935 2.54767,87.43457 -2.10369,107.86951 -0.5477,2.40625 -2.99025,11.125 -5.42789,19.375 -2.43764,8.25 -4.82426,17.13318 -5.30362,19.74038 -0.49482,2.69128 -2.43223,6.30106 -4.48203,8.35085 -5.95137,5.95138 -13.12502,6.74042 -52.6409,5.79002 -30.38735,-0.73085 -35.15136,-0.58733 -38.53185,1.16079 -7.14244,3.6935 -16.69529,4.39246 -33.54956,2.45478 -8.65929,-0.99554 -17.00978,-2.17082 -18.55665,-2.61173 -4.52583,-1.29002 -3.43224,1.68982 4.85897,13.23991 17.55237,24.45138 32.96684,41.29554 46.70327,51.03496 9.70072,6.87803 24.29523,13.14695 27.62887,11.86772 0.89715,-0.34427 2.83799,-2.67134 4.31299,-5.17128 5.13554,-8.70407 19.69245,-27.15004 26.51241,-33.59551 7.62643,-7.20765 21.63771,-16.66961 30.65604,-20.70235 4.88115,-2.1827 8.45906,-2.64876 20.88995,-2.72118 17.65281,-0.10275 24.52021,1.90065 30.72035,8.96222 3.73232,4.25087 3.92637,4.9544 3.34933,12.14312 -1.37929,17.18298 -14.86801,32.38494 -39.69468,44.73644 -23.9532,11.91692 -29.94706,13.69689 -48.48159,14.39736 -13.60576,0.5142 -16.79745,0.99316 -17.66282,2.65056 -2.24018,4.29046 -5.10559,20.40983 -5.10559,28.72143 l 0,8.70501 13.35359,13.5482 c 11.71658,11.8875 22.89641,26.2268 22.89641,29.3672 0,0.5809 -8.3992,1.0562 -18.66489,1.0562 l -18.66487,0 -2.42482,-3.4375 z m -13.4715,-58.12505 c 0.31435,-1.54688 1.5105,-6.88998 2.6581,-11.87355 1.14762,-4.98358 1.78199,-9.85475 1.40974,-10.82483 -0.37225,-0.97007 -3.66706,-2.64089 -7.3218,-3.71295 -9.17196,-2.6904 -20.35962,-9.59838 -32.53723,-20.09057 -17.37849,-14.97326 -42.61736,-46.75414 -51.33186,-64.63729 -2.90173,-5.95467 -6.27752,-11.4546 -7.50176,-12.22206 -2.12956,-1.335 -15.29938,-5.05046 -52.149113,-14.7123 -27.42311,-7.19021 -28.10621,-7.29996 -34.71377,-5.57718 -5.92714,1.54538 -22.2226,11.8858 -24.55306,15.58035 -1.68348,2.66888 0.65642,6.81977 9.59965,17.0294 3.9643,4.52567 10.99555,12.64707 15.625,18.04755 4.62945,5.40049 12.09664,13.83799 16.59376,18.75 4.49712,4.91202 10.2544,11.54667 12.79397,14.74369 l 4.61739,5.81275 14.70603,-0.0113 c 26.976553,-0.0214 49.847833,7.29129 83.282403,26.62809 15.79212,9.13331 20.81002,12.37581 36.04999,23.29499 5.018,3.59531 9.81605,6.54843 10.66233,6.5625 0.84627,0.0141 1.79587,-1.24005 2.11023,-2.78693 z m 62.20634,-43.95114 c 22.1178,-8.00631 37.82264,-18.10237 44.45724,-28.57991 4.43204,-6.9992 5.16827,-11.46465 2.08526,-12.64771 -1.08747,-0.41731 -7.34635,-0.75874 -13.90861,-0.75874 -11.65019,0 -12.15595,0.12313 -21.46026,5.2215 -5.24089,2.87181 -11.40933,6.63474 -13.70764,8.36202 -6.12574,4.60379 -26.44625,28.95699 -26.44625,31.69462 0,0.53452 3.8704,0.97186 8.60089,0.97186 6.65133,0 11.27068,-0.96643 20.37937,-4.26364 z m 0.6227,-92.22141 c 0.7082,-0.90198 2.8168,-7.26495 4.68578,-14.13995 1.86899,-6.875 4.2473,-15.03125 5.28513,-18.125 1.03785,-3.09375 2.38338,-11.25 2.99005,-18.125 0.60668,-6.87499 1.47558,-15.9546 1.93088,-20.1769 l 0.82784,-7.67691 -7.33062,-2.13106 c -4.91596,-1.42911 -7.95356,-1.73812 -9.22184,-0.93811 -1.04018,0.65613 -9.77673,16.75015 -19.41455,35.76448 -14.25845,28.13029 -18.52857,35.4904 -22.91865,39.50333 -2.96743,2.71249 -5.12044,5.37581 -4.78448,5.91848 0.33596,0.54268 10.97255,1.16217 23.63685,1.37664 17.8817,0.30282 23.31366,0.0235 24.31361,-1.25 z m -68.06181,-5.40534 c 2.54183,-1.72721 6.17901,-5.80534 8.08264,-9.0625 1.90362,-3.25716 5.00249,-7.2255 6.88636,-8.81854 1.88388,-1.59303 6.1566,-7.78053 9.49496,-13.75 6.01137,-10.74918 25.24489,-49.40389 25.24489,-50.73608 0,-1.50323 -10.39809,-5.87103 -18.41085,-7.73361 -12.84388,-2.98559 -31.08026,-5.50887 -39.81393,-5.50887 -13.98185,0 -27.8566,9.38152 -49.63863,33.56358 -5.35614,5.94628 -11.19528,13.90516 -12.97588,17.68641 -1.7806,3.78125 -4.28894,8.36809 -5.57409,10.19296 -1.71247,2.43168 -2.33662,5.52738 -2.33662,11.5893 0,7.40718 0.29384,8.39023 2.8125,9.40931 5.73361,2.31989 33.1943,9.93744 44.6875,12.39624 6.53125,1.39726 13,2.78386 14.375,3.08133 6.93168,1.49961 12.70322,0.72311 17.16615,-2.30953 z
	m: None
	d is GOOD!
	Points: <generator object point_generator at 0x0000021EDCCC0F10>
	  pt: (146.629596, 326.22762)
	    --Point printed
	  pt: (146.0420835, 325.39473)
	    --Point printed
	  pt: (144.20897793749998, 322.213816875)
	    --Point printed
	  pt: (142.45798162499997, 318.57130125000003)
	    --Point printed
	  pt: (140.96779912499997, 314.84977875000016)
	    --Point printed
	  pt: (140.02800299999998, 311.81678999999997)
	    --Point printed
	  pt: (139.31351275781248, 309.8990512734375)
	    --Point printed
	  pt: (138.30896985937497, 308.11795139062497)
	    --Point printed
	  pt: (136.818725484375, 306.295566046875)
	    --Point printed
	  pt: (134.6471308125, 304.25397093750007)
	    --Point printed
	  pt: (131.5985370234375, 301.8152417578125)
	    --Point printed
	  pt: (126.03671025, 297.758320875)
	    --Point printed
	  pt: (116.13173174999997, 290.95125599999994)
	    --Point printed
	  pt: (111.254313609375, 287.8606468125)
	    --Point printed
	  pt: (105.99340209374999, 284.77636537499995)
	    --Point printed
	  pt: (100.51743037500002, 281.78331037500004)
	    --Point printed
	  pt: (94.994831625, 278.9663805)
	    --Point printed
	  pt: (89.59403901562499, 276.41047443749994)
	    --Point printed
	  pt: (84.48348571874999, 274.200490875)
	    --Point printed
	  pt: (79.83160490624999, 272.4213285000001)
	    --Point printed
	  pt: (75.7422855, 271.13856150000004)
	    --Point printed
	  pt: (72.28510631249999, 270.275352)
	    --Point printed
	  pt: (69.04738987499998, 269.7718530000001)
	    --Point printed
	  pt: (65.44399387499999, 269.5469857500001)
	    --Point printed
	  pt: (60.316718099999996, 269.51930400000003)
	    --Point printed
	  pt: (53.810714699999984, 269.8045155000001)
	    --Point printed
	  pt: (50.2164777, 270.2684955)
	    --Point printed
	  pt: (48.489142199999996, 270.443714625)
	    --Point printed
	  pt: (47.28473745, 270.15425325)
	    --Point printed
	  pt: (46.111155825000004, 269.23850174999995)
	    --Point printed
	  pt: (44.3892162, 267.44351099999994)
	    --Point printed
	  pt: (41.1025902, 263.58628350000004)
	    --Point printed
	  pt: (37.8260922, 259.4593920000001)
	    --Point printed
	  pt: (31.966717199999998, 252.71704499999998)
	    --Point printed
	  pt: (22.8652587, 242.90768549999996)
	    --Point printed
	  pt: (14.484671899687498, 233.59967128124993)
	    --Point printed
	  pt: (10.811556941249998, 229.22587349999992)
	    --Point printed
	  pt: (8.09453448375, 225.6412533749999)
	    --Point printed
	  pt: (6.19932424453125, 222.66452067187493)
	    --Point printed
	  pt: (4.9916459409375, 220.1143851562499)
	    --Point printed
	  pt: (4.3372192903124995, 217.8095565937499)
	    --Point printed
	  pt: (4.11217101, 215.69846324999992)
	    --Point printed
	  pt: (4.143805517578125, 213.9870706406249)
	    --Point printed
	  pt: (4.42005449296875, 212.41174659374997)
	    --Point printed
	  pt: (4.970341677656249, 210.92575903124998)
	    --Point printed
	  pt: (5.824090813124999, 209.482375875)
	    --Point printed
	  pt: (7.010725640859374, 208.03486504687498)
	    --Point printed
	  pt: (9.09720272625, 206.03248124999993)
	    --Point printed
	  pt: (13.327735199999998, 202.86196499999994)
	    --Point printed
	  pt: (15.686805074999999, 200.7074332499999)
	    --Point printed
	  pt: (16.441045199999998, 199.76196787499993)
	    --Point printed
	  pt: (16.5030492, 199.25146949999998)
	    --Point printed
	  pt: (16.100060137499998, 198.74620668749998)
	    --Point printed
	  pt: (15.129472199999999, 198.02111249999996)
	    --Point printed
	  pt: (12.288592199999998, 196.857864)
	    --Point printed
	  pt: (7.544842199999999, 195.127704)
	    --Point printed
	  pt: (3.9823422599999994, 193.8363)
	    --Point printed
	  pt: (3.9823422599999994, 186.97564799999998)
	    --Point printed
	  pt: (4.054587509999999, 184.50185699999997)
	    --Point printed
	  pt: (4.290895259999999, 183.25333950000004)
	    --Point printed
	  pt: (4.774160009999999, 182.90175525)
	    --Point printed
	  pt: (6.0167202, 183.253512)
	    --Point printed
	  pt: (18.0941367, 188.27354699999995)
	    --Point printed
	  pt: (22.5832645125, 190.03916399999991)
	    --Point printed
	  pt: (25.779700574999996, 190.96811249999996)
	    --Point printed
	  pt: (28.672175324999998, 191.32225425000001)
	    --Point printed
	  pt: (32.5292172, 191.36478599999998)
	    --Point printed
	  pt: (39.180779699999995, 190.73455050000007)
	    --Point printed
	  pt: (45.6094662, 189.56858250000005)
	    --Point printed
	  pt: (49.9258884140625, 188.93294404687504)
	    --Point printed
	  pt: (52.219912748437494, 188.79798557812512)
	    --Point printed
	  pt: (54.45088104375001, 188.87144606250007)
	    --Point printed
	  pt: (56.785110157031255, 189.1614296484376)
	    --Point printed
	  pt: (60.2779889625, 189.8603568750001)
	    --Point printed
	  pt: (68.12515649999999, 191.97385350000008)
	    --Point printed
	  pt: (73.24763160937498, 193.3347859218751)
	    --Point printed
	  pt: (75.201476203125, 193.74000417187506)
	    --Point printed
	  pt: (76.4381953125, 193.81513631250004)
	    --Point printed
	  pt: (77.1371678671875, 193.5634124296875)
	    --Point printed
	  pt: (77.57804212500001, 192.77841975)
	    --Point printed
	  pt: (77.969034, 189.71384400000005)
	    --Point printed
	  pt: (78.7009485, 183.37197300000003)
	    --Point printed
	  pt: (79.10189493749999, 181.33382025000014)
	    --Point printed
	  pt: (79.736902125, 179.5502227500001)
	    --Point printed
	  pt: (80.672577375, 177.84911737500005)
	    --Point printed
	  pt: (82.86258, 174.87831000000006)
	    --Point printed
	  pt: (89.565489, 165.9531570000001)
	    --Point printed
	  pt: (95.5775985, 159.19413750000007)
	    --Point printed
	  pt: (101.66430600000001, 153.18944100000004)
	    --Point printed
	  pt: (105.94592399999999, 148.90517400000004)
	    --Point printed
	  pt: (106.732344, 147.83164200000004)
	    --Point printed
	  pt: (82.32921855, 147.58533600000004)
	    --Point printed
	  pt: (55.35734219999999, 147.54009600000006)
	    --Point printed
	  pt: (3.982342259999987, 147.54009600000006)
	    --Point printed
	  pt: (3.982342259999987, 142.29009600000006)
	    --Point printed
	  pt: (3.982342259999987, 137.04009600000006)
	    --Point printed
	  pt: (74.40336509999999, 137.04789600000004)
	    --Point printed
	  pt: (103.4932273875, 137.32422450000007)
	    --Point printed
	  pt: (113.67227475, 137.59558087500005)
	    --Point printed
	  pt: (117.39929849999999, 137.99161500000008)
	    --Point printed
	  pt: (119.89589624999999, 138.2272263750001)
	    --Point printed
	  pt: (122.27958524999997, 138.07663050000008)
	    --Point printed
	  pt: (125.24642437499998, 137.47655512500006)
	    --Point printed
	  pt: (130.4096085, 136.12005600000003)
	    --Point printed
	  pt: (135.5837068125, 134.88452100000006)
	    --Point printed
	  pt: (139.239064875, 134.37300075000007)
	    --Point printed
	  pt: (142.466331375, 134.46020062500003)
	    --Point printed
	  pt: (147.663594, 135.219288)
	    --Point printed
	  pt: (155.94614400000003, 136.37201475000006)
	    --Point printed
	  pt: (158.81953924218752, 136.9674498984375)
	    --Point printed
	  pt: (163.0175596875, 138.1043968125)
	    --Point printed
	  pt: (169.41222862500004, 140.37966712500003)
	    --Point printed
	  pt: (173.79421514062503, 142.40393189062502)
	    --Point printed
	  pt: (175.71282253125003, 143.53828443749995)
	    --Point printed
	  pt: (177.10927500000003, 144.76606800000008)
	    --Point printed
	  pt: (178.79462400000003, 146.972241)
	    --Point printed
	  pt: (179.66881500000002, 148.74061200000006)
	    --Point printed
	  pt: (180.74967806250004, 150.08235225000004)
	    --Point printed
	  pt: (182.19852112500004, 151.20494100000013)
	    --Point printed
	  pt: (183.75384525000007, 151.9203187500001)
	    --Point printed
	  pt: (184.79543400000006, 152.04042600000008)
	    --Point printed
	  pt: (185.06950800000004, 150.35797800000006)
	    --Point printed
	  pt: (185.4034905, 145.8782070000001)
	    --Point printed
	  pt: (185.66017200000005, 136.34847150000013)
	    --Point printed
	  pt: (185.8568683125, 130.59116156250008)
	    --Point printed
	  pt: (186.17255212500007, 127.03714537500008)
	    --Point printed
	  pt: (186.68345850000006, 124.96230937500007)
	    --Point printed
	  pt: (187.41613425000003, 123.71827950000011)
	    --Point printed
	  pt: (188.21529984375005, 122.889324375)
	    --Point printed
	  pt: (189.11414737500004, 122.32221037500005)
	    --Point printed
	  pt: (190.07528240625, 122.01692793750016)
	    --Point printed
	  pt: (191.06131050000002, 121.97346750000003)
	    --Point printed
	  pt: (192.03483721875003, 122.19181950000007)
	    --Point printed
	  pt: (192.95846812500002, 122.67197437500005)
	    --Point printed
	  pt: (193.79480878125005, 123.41392256250009)
	    --Point printed
	  pt: (194.43243187500005, 124.30475962500003)
	    --Point printed
	  pt: (194.83088721386724, 125.85071149511725)
	    --Point printed
	  pt: (195.25498136718753, 129.1486075546875)
	    --Point printed
	  pt: (195.62612189062503, 136.69509614062503)
	    --Point printed
	  pt: (195.71931239062505, 146.22746245312504)
	    --Point printed
	  pt: (195.55313793750005, 156.79271793750002)
	    --Point printed
	  pt: (195.14618360156254, 167.43787403906248)
	    --Point printed
	  pt: (194.51703445312506, 177.20994220312508)
	    --Point printed
	  pt: (193.68427556250006, 185.15593387500007)
	    --Point printed
	  pt: (192.68672400000005, 190.23399000000006)
	    --Point printed
	  pt: (189.0273180000001, 202.89024000000006)
	    --Point printed
	  pt: (187.1501430000001, 209.75375100000008)
	    --Point printed
	  pt: (186.5022150000001, 212.66316000000006)
	    --Point printed
	  pt: (186.03400162500006, 213.99998306250006)
	    --Point printed
	  pt: (185.34097050000008, 215.35758187500005)
	    --Point printed
	  pt: (184.49794537500006, 216.59654137500002)
	    --Point printed
	  pt: (183.44086725000008, 217.71633150000002)
	    --Point printed
	  pt: (181.97157724218758, 218.821429734375)
	    --Point printed
	  pt: (180.1417844531251, 219.66823603125)
	    --Point printed
	  pt: (177.73267673437505, 220.28081765624995)
	    --Point printed
	  pt: (174.5254419375001, 220.68324187500002)
	    --Point printed
	  pt: (170.30126791406255, 220.899575953125)
	    --Point printed
	  pt: (162.94461037500005, 220.96388100000001)
	    --Point printed
	  pt: (147.74457750000008, 220.63436250000007)
	    --Point printed
	  pt: (138.42014962500005, 220.48311618750006)
	    --Point printed
	  pt: (133.04298675000004, 220.58337037500007)
	    --Point printed
	  pt: (130.24959900000005, 220.97620050000012)
	    --Point printed
	  pt: (128.64788700000008, 221.7174765000001)
	    --Point printed
	  pt: (126.91638672656256, 222.40898376562507)
	    --Point printed
	  pt: (125.00344767187507, 222.93540346875)
	    --Point printed
	  pt: (122.87467992187507, 223.29925209375006)
	    --Point printed
	  pt: (119.68752337500007, 223.56217875000004)
	    --Point printed
	  pt: (113.83631175000008, 223.3957620000001)
	    --Point printed
	  pt: (106.45604700000007, 222.61467000000005)
	    --Point printed
	  pt: (99.86850900000007, 221.72099550000007)
	    --Point printed
	  pt: (97.58040675000008, 221.24954250000008)
	    --Point printed
	  pt: (96.82920421875006, 221.16951672656262)
	    --Point printed
	  pt: (96.40888968750006, 221.36998673437506)
	    --Point printed
	  pt: (96.33055987500006, 221.88118964062505)
	    --Point printed
	  pt: (96.71692200000007, 223.03748287500014)
	    --Point printed
	  pt: (98.61777375000008, 226.14659737500017)
	    --Point printed
	  pt: (103.46808150000008, 232.9579470000001)
	    --Point printed
	  pt: (109.73600203125008, 240.9931976250001)
	    --Point printed
	  pt: (113.35749103125006, 245.29648968750007)
	    --Point printed
	  pt: (116.86950112500008, 249.1836525000001)
	    --Point printed
	  pt: (120.27526570312506, 252.65821912500007)
	    --Point printed
	  pt: (123.57801815625007, 255.72372262500005)
	    --Point printed
	  pt: (126.78099187500007, 258.3836960625001)
	    --Point printed
	  pt: (130.31229600000006, 260.9429205)
	    --Point printed
	  pt: (135.29230575000005, 263.7937188750001)
	    --Point printed
	  pt: (140.16181875000007, 265.98703950000004)
	    --Point printed
	  pt: (143.4155547187501, 266.97797475000004)
	    --Point printed
	  pt: (144.82889334375008, 267.1529685937501)
	    --Point printed
	  pt: (145.70365500000008, 266.92856700000004)
	    --Point printed
	  pt: (147.0674280000001, 265.40311350000013)
	    --Point printed
	  pt: (148.79263500000008, 262.62346950000006)
	    --Point printed
	  pt: (152.54841637500007, 257.2877017500001)
	    --Point printed
	  pt: (157.13713200000007, 251.39068650000002)
	    --Point printed
	  pt: (161.59362637500007, 246.15543375000004)
	    --Point printed
	  pt: (165.0737145000001, 242.69062650000012)
	    --Point printed
	  pt: (169.48943362500012, 239.16856706250007)
	    --Point printed
	  pt: (174.48840900000008, 235.715552625)
	    --Point printed
	  pt: (179.4306393750001, 232.76378175000002)
	    --Point printed
	  pt: (183.0555465000001, 231.02295900000001)
	    --Point printed
	  pt: (185.1981356250001, 230.33780775000002)
	    --Point printed
	  pt: (187.80921225000012, 229.9396754999999)
	    --Point printed
	  pt: (191.4600637500001, 229.75414350000005)
	    --Point printed
	  pt: (197.5052655000001, 229.7022435)
	    --Point printed
	  pt: (202.64954423437513, 230.02114753125)
	    --Point printed
	  pt: (205.18707473437513, 230.41672200000005)
	    --Point printed
	  pt: (207.35507006250012, 230.999955375)
	    --Point printed
	  pt: (209.22467346093762, 231.79160404687502)
	    --Point printed
	  pt: (210.86702817187512, 232.8124244062501)
	    --Point printed
	  pt: (212.3532774375001, 234.08317284375005)
	    --Point printed
	  pt: (213.8494020000001, 235.73261850000006)
	    --Point printed
	  pt: (214.91740500000012, 237.16849368750002)
	    --Point printed
	  pt: (215.3968357500001, 238.55865712499997)
	    --Point printed
	  pt: (215.4433481250001, 240.467438625)
	    --Point printed
	  pt: (215.19570525000012, 243.66958349999993)
	    --Point printed
	  pt: (214.31954362500008, 247.44085593750003)
	    --Point printed
	  pt: (212.7694591875001, 251.0925450000001)
	    --Point printed
	  pt: (210.55087640625013, 254.61853743749998)
	    --Point printed
	  pt: (207.6692197500001, 258.01272000000006)
	    --Point printed
	  pt: (204.12991368750014, 261.2689794375)
	    --Point printed
	  pt: (199.93838268750008, 264.3812025)
	    --Point printed
	  pt: (195.1000512187501, 267.3432759374999)
	    --Point printed
	  pt: (187.88936400000009, 271.010262)
	    --Point printed
	  pt: (181.1719086093751, 274.085934890625)
	    --Point printed
	  pt: (177.7868956406251, 275.40640626562504)
	    --Point printed
	  pt: (174.6972515625001, 276.36895818749997)
	    --Point printed
	  pt: (171.68852317968762, 277.03727585156264)
	    --Point printed
	  pt: (167.4834738750001, 277.6105177500001)
	    --Point printed
	  pt: (160.3525260000001, 277.9382700000001)
	    --Point printed
	  pt: (156.0309268125001, 278.18580900000006)
	    --Point printed
	  pt: (153.44591212500012, 278.5164450000001)
	    --Point printed
	  pt: (152.14254600000012, 278.9984475)
	    --Point printed
	  pt: (151.4596710000001, 280.09504500000014)
	    --Point printed
	  pt: (150.3998088750001, 283.8754848750001)
	    --Point printed
	  pt: (149.4610680000001, 288.8446785000001)
	    --Point printed
	  pt: (148.8397968750001, 293.8980626250001)
	    --Point printed
	  pt: (148.7323440000001, 296.68433400000015)
	    --Point printed
	  pt: (148.7323440000001, 301.9073400000001)
	    --Point printed
	  pt: (158.5019850000001, 311.8193850000001)
	    --Point printed
	  pt: (163.47424762500012, 317.37252187499996)
	    --Point printed
	  pt: (167.52751050000012, 322.45351125)
	    --Point printed
	  pt: (169.69374618750012, 325.70300015625)
	    --Point printed
	  pt: (170.37753309375015, 327.08053031250006)
	    --Point printed
	  pt: (170.4823440000001, 327.74371500000007)
	    --Point printed
	  pt: (169.0299823125001, 327.97838812500004)
	    --Point printed
	  pt: (165.16285050000013, 328.21900500000004)
	    --Point printed
	  pt: (159.2834100000001, 328.2903000000001)
	    --Point printed
	  pt: (148.0844880000001, 328.2903000000001)
	    --Point printed
	  pt: (146.62959600000008, 326.2278000000001)
	    --Point printed
	  pt: (146.629596, 326.22762)
	    --Point printed
	  pt: (138.73530599999998, 290.42446200000006)
	    --Point printed
	  pt: (140.48584199999996, 282.733386)
	    --Point printed
	  pt: (140.983102875, 279.48937349999994)
	    --Point printed
	  pt: (141.06132674999998, 278.1708768750001)
	    --Point printed
	  pt: (140.93156249999998, 277.5880515)
	    --Point printed
	  pt: (140.2641193125, 277.04449518749993)
	    --Point printed
	  pt: (138.7331745, 276.238842)
	    --Point printed
	  pt: (135.218526, 275.10223199999996)
	    --Point printed
	  pt: (130.73243306249998, 273.1126314375001)
	    --Point printed
	  pt: (125.869738875, 270.22157812500006)
	    --Point printed
	  pt: (120.68814187499999, 266.46469912500004)
	    --Point printed
	  pt: (115.76859525, 262.3284555)
	    --Point printed
	  pt: (111.5471314453125, 258.24358047656244)
	    --Point printed
	  pt: (107.112128296875, 253.50113948437502)
	    --Point printed
	  pt: (102.63504107812498, 248.317029515625)
	    --Point printed
	  pt: (98.2873250625, 242.90714756249997)
	    --Point printed
	  pt: (94.2404355234375, 237.48739061718754)
	    --Point printed
	  pt: (90.66582773437499, 232.27365567187508)
	    --Point printed
	  pt: (87.73495696874997, 227.48183971875005)
	    --Point printed
	  pt: (85.40234699999999, 222.88267499999995)
	    --Point printed
	  pt: (83.236994625, 219.170761125)
	    --Point printed
	  pt: (82.21976512499998, 217.7435456249999)
	    --Point printed
	  pt: (81.452376, 217.13558999999998)
	    --Point printed
	  pt: (78.18703175625001, 216.02164274999996)
	    --Point printed
	  pt: (69.04019505, 213.41360699999996)
	    --Point printed
	  pt: (46.3688757, 207.42992849999996)
	    --Point printed
	  pt: (38.429769262499995, 205.42352156249996)
	    --Point printed
	  pt: (34.721021137499996, 204.72325331249993)
	    --Point printed
	  pt: (33.1412543015625, 204.59996186718752)
	    --Point printed
	  pt: (31.414180949999995, 204.71403787500003)
	    --Point printed
	  pt: (29.2095447, 205.2780555)
	    --Point printed
	  pt: (27.446954418749996, 206.0018438671874)
	    --Point printed
	  pt: (24.60998595, 207.4489329375)
	    --Point printed
	  pt: (19.947089699999996, 210.324722625)
	    --Point printed
	  pt: (16.7294792625, 212.69884476562493)
	    --Point printed
	  pt: (15.402735075, 213.89387446875003)
	    --Point printed
	  pt: (14.795983200000002, 214.71052799999995)
	    --Point printed
	  pt: (14.6118428953125, 215.3912219296874)
	    --Point printed
	  pt: (14.678204746875002, 216.19818576562488)
	    --Point printed
	  pt: (15.013209028125003, 217.16359964062497)
	    --Point printed
	  pt: (15.858862575000002, 218.71677412499992)
	    --Point printed
	  pt: (18.246690075000004, 221.89231574999997)
	    --Point printed
	  pt: (23.060614200000003, 227.443404)
	    --Point printed
	  pt: (32.8347042, 238.7968259999999)
	    --Point printed
	  pt: (42.711562199999996, 249.75374399999998)
	    --Point printed
	  pt: (47.6896722, 255.65274599999998)
	    --Point printed
	  pt: (50.4601062, 259.140396)
	    --Point printed
	  pt: (61.306965674999994, 259.1320109999999)
	    --Point printed
	  pt: (67.21863487265624, 259.48197370312505)
	    --Point printed
	  pt: (73.0369002421875, 260.2884479062501)
	    --Point printed
	  pt: (78.8649001171875, 261.58441031250004)
	    --Point printed
	  pt: (84.80577283125002, 263.4028376250001)
	    --Point printed
	  pt: (90.96265671796876, 265.77670654687495)
	    --Point printed
	  pt: (97.4386901109375, 268.7389937812501)
	    --Point printed
	  pt: (104.33701134375, 272.32267603125)
	    --Point printed
	  pt: (113.99080200000002, 277.8504630000001)
	    --Point printed
	  pt: (123.27248850000001, 283.687458)
	    --Point printed
	  pt: (132.38856, 290.166057)
	    --Point printed
	  pt: (136.1800245, 292.5756645)
	    --Point printed
	  pt: (137.4074985, 293.02707899999996)
	    --Point printed
	  pt: (137.7938461875, 292.813918125)
	    --Point printed
	  pt: (138.262794, 292.23702449999996)
	    --Point printed
	  pt: (138.546696, 291.352806)
	    --Point printed
	  pt: (138.546696, 291.35258999999996)
	    --Point printed
	  pt: (177.529335, 264.38143275000004)
	    --Point printed
	  pt: (182.1990045, 262.48605972656253)
	    --Point printed
	  pt: (186.483033, 260.489153296875)
	    --Point printed
	  pt: (190.3627365, 258.40272473437506)
	    --Point printed
	  pt: (193.819431, 256.2387853125)
	    --Point printed
	  pt: (196.83443250000002, 254.00934630468748)
	    --Point printed
	  pt: (199.389057, 251.72641898437496)
	    --Point printed
	  pt: (201.4646205, 249.4020146250001)
	    --Point printed
	  pt: (203.20964999999998, 246.78408000000002)
	    --Point printed
	  pt: (204.5087893125, 244.12355512499994)
	    --Point printed
	  pt: (204.91421118750003, 242.4101437500001)
	    --Point printed
	  pt: (204.8964967265625, 241.58559890625008)
	    --Point printed
	  pt: (204.66626432812498, 240.93165150000004)
	    --Point printed
	  pt: (204.222646125, 240.45356540625005)
	    --Point printed
	  pt: (203.46975899999998, 240.120141)
	    --Point printed
	  pt: (199.34268300000002, 239.84130449999998)
	    --Point printed
	  pt: (193.7033055, 239.79008999999996)
	    --Point printed
	  pt: (190.17636975000002, 239.90415393750004)
	    --Point printed
	  pt: (187.66120725000002, 240.40983037500007)
	    --Point printed
	  pt: (185.03602537499998, 241.58005049999997)
	    --Point printed
	  pt: (181.00241100000002, 243.784533)
	    --Point printed
	  pt: (176.3095995, 246.59848650000004)
	    --Point printed
	  pt: (173.8906635, 248.28548625000008)
	    --Point printed
	  pt: (171.92788734375, 250.1501434218751)
	    --Point printed
	  pt: (168.66029212499998, 253.62989700000003)
	    --Point printed
	  pt: (163.28417399999995, 259.97026725)
	    --Point printed
	  pt: (159.84459187499996, 264.5030933437499)
	    --Point printed
	  pt: (158.67284878125, 266.34368353125)
	    --Point printed
	  pt: (158.48234399999998, 267.037152)
	    --Point printed
	  pt: (159.15160068749998, 267.25308674999997)
	    --Point printed
	  pt: (160.93359749999996, 267.47448900000006)
	    --Point printed
	  pt: (164.64057749999995, 267.54008999999996)
	    --Point printed
	  pt: (167.37495449999997, 267.33330281250005)
	    --Point printed
	  pt: (170.14123499999997, 266.8067426250001)
	    --Point printed
	  pt: (173.30624324999997, 265.8836647500001)
	    --Point printed
	  pt: (175.87049999999996, 264.981906)
	    --Point printed
	  pt: (175.8705, 264.981906)
	    --Point printed
	  pt: (176.45657999999997, 209.37846600000006)
	    --Point printed
	  pt: (177.898257, 205.21328549999998)
	    --Point printed
	  pt: (180.176982, 197.04009000000002)
	    --Point printed
	  pt: (182.53802100000001, 189.361965)
	    --Point printed
	  pt: (183.54586500000002, 183.7322775)
	    --Point printed
	  pt: (184.384704, 175.290096)
	    --Point printed
	  pt: (185.179224, 167.30894999999998)
	    --Point printed
	  pt: (185.675928, 162.70280399999996)
	    --Point printed
	  pt: (179.80276800000001, 160.99543499999993)
	    --Point printed
	  pt: (177.23054699999997, 160.59441599999997)
	    --Point printed
	  pt: (176.19128549999996, 160.66288724999993)
	    --Point printed
	  pt: (175.588425, 160.9597214999999)
	    --Point printed
	  pt: (173.80468275, 163.9148797499999)
	    --Point printed
	  pt: (169.7432235, 171.3494384999999)
	    --Point printed
	  pt: (161.95695449999997, 186.53953349999995)
	    --Point printed
	  pt: (157.22393343750002, 195.63043649999997)
	    --Point printed
	  pt: (153.980164875, 201.3547739999999)
	    --Point printed
	  pt: (151.65705749999998, 204.69258974999997)
	    --Point printed
	  pt: (149.45430299999995, 206.8357349999999)
	    --Point printed
	  pt: (147.90576937499998, 208.60755899999998)
	    --Point printed
	  pt: (147.46639237499997, 209.330750625)
	    --Point printed
	  pt: (147.52423799999997, 209.65447799999998)
	    --Point printed
	  pt: (149.451670875, 209.9040515625)
	    --Point printed
	  pt: (154.3615305, 210.20962499999996)
	    --Point printed
	  pt: (167.02046399999998, 210.4899059999999)
	    --Point printed
	  pt: (173.86388962499996, 210.32138249999997)
	    --Point printed
	  pt: (175.49915489062496, 210.05399043749998)
	    --Point printed
	  pt: (176.05257740624998, 209.83076456249995)
	    --Point printed
	  pt: (176.24411999999998, 209.64905999999996)
	    --Point printed
	  pt: (176.24412, 209.64906000000002)
	    --Point printed
	  pt: (135.78830850000003, 206.1467745)
	    --Point printed
	  pt: (137.08446825000004, 204.98820543750003)
	    --Point printed
	  pt: (138.41491425, 203.53857112499998)
	    --Point printed
	  pt: (139.62052087500004, 201.97629037499996)
	    --Point printed
	  pt: (140.827704, 199.99120800000003)
	    --Point printed
	  pt: (143.075862, 196.989351)
	    --Point printed
	  pt: (144.671016, 195.43827750000003)
	    --Point printed
	  pt: (145.90435950000003, 193.95018525)
	    --Point printed
	  pt: (147.94224000000003, 191.04161850000003)
	    --Point printed
	  pt: (150.9871155, 185.81485499999997)
	    --Point printed
	  pt: (155.5628413125, 176.9684630625)
	    --Point printed
	  pt: (160.67937562499998, 166.735430625)
	    --Point printed
	  pt: (164.511087, 158.78483550000004)
	    --Point printed
	  pt: (165.232344, 156.87284174999996)
	    --Point printed
	  pt: (164.77489467187502, 156.4129237265625)
	    --Point printed
	  pt: (163.52239125, 155.64722268750006)
	    --Point printed
	  pt: (160.43162475, 154.29255187499996)
	    --Point printed
	  pt: (156.67911187500002, 152.99813774999996)
	    --Point printed
	  pt: (152.259252, 151.89757949999995)
	    --Point printed
	  pt: (145.74769743750002, 150.6793903125)
	    --Point printed
	  pt: (139.13997112500002, 149.71979362499997)
	    --Point printed
	  pt: (133.27392862500002, 149.13471899999996)
	    --Point printed
	  pt: (129.24883725000004, 149.040096)
	    --Point printed
	  pt: (126.08915760937504, 149.492555578125)
	    --Point printed
	  pt: (122.86036753125002, 150.5235289687501)
	    --Point printed
	  pt: (119.50611590625002, 152.17111865625003)
	    --Point printed
	  pt: (115.97005162500002, 154.47342712500006)
	    --Point printed
	  pt: (112.19582357812503, 157.46855685937504)
	    --Point printed
	  pt: (108.12708065625002, 161.19461034375)
	    --Point printed
	  pt: (103.70747175000004, 165.6896900625)
	    --Point printed
	  pt: (99.71087700000002, 170.07018599999992)
	    --Point printed
	  pt: (97.29520537500004, 173.00730768749997)
	    --Point printed
	  pt: (95.11147425000001, 175.93299712500004)
	    --Point printed
	  pt: (93.41514525000002, 178.49905387500002)
	    --Point printed
	  pt: (92.19459000000002, 180.924465)
	    --Point printed
	  pt: (90.33888450000002, 184.39664850000003)
	    --Point printed
	  pt: (89.12744550000001, 186.270618)
	    --Point printed
	  pt: (88.55219081250002, 187.53254400000003)
	    --Point printed
	  pt: (88.18699537500001, 189.11653950000004)
	    --Point printed
	  pt: (88.005749625, 191.15210325000004)
	    --Point printed
	  pt: (87.98234400000001, 193.97052299999996)
	    --Point printed
	  pt: (88.07364487500001, 196.22035762499996)
	    --Point printed
	  pt: (88.37588325000002, 197.50927499999995)
	    --Point printed
	  pt: (88.99767675, 198.20065912500002)
	    --Point printed
	  pt: (90.5298855, 198.85301550000003)
	    --Point printed
	  pt: (96.47706431250002, 200.69421956249994)
	    --Point printed
	  pt: (104.48574337500001, 202.94316637500003)
	    --Point printed
	  pt: (112.43560312500001, 205.01168287500002)
	    --Point printed
	  pt: (120.401094, 206.78113199999996)
	    --Point printed
	  pt: (126.147096, 208.01651550000003)
	    --Point printed
	  pt: (129.0460419375, 208.2649438125)
	    --Point printed
	  pt: (131.672821125, 208.00274512500005)
	    --Point printed
	  pt: (134.019082125, 207.23104274999997)
	    --Point printed
	  pt: (135.407034, 206.40585599999997)
	    --Point printed
	  pt: (135.407034, 206.40585599999997)
	    --Point printed
  --No Name: path
