Input File: M:\Git\TarkistusKierros\static\SvgSuttuReunaMuutos.svg
Debug resides in: svg2gcode
Output File: M:\Git\TarkistusKierros\TuotetutNCTiedostot\SvgSuttuReunaMuutos.nc
Log File: M:\Git\TarkistusKierros\static\..\log\SvgSuttuReunaMuutos.log

wdth: 379.13385
hght: 757.87
scale: 0.6597437555253539
x%: 2.9804777389304595
y%: 0.6597437555253539
--Found Elem: <Element '{http://www.w3.org/2000/svg}svg' at 0x000002A1E2393F48>
--Found Elem: <Element '{http://www.w3.org/2000/svg}defs' at 0x000002A1E2393EF8>
--Found Elem: <Element '{http://sodipodi.sourceforge.net/DTD/sodipodi-0.dtd}namedview' at 0x000002A1E2393B38>
--Found Elem: <Element '{http://www.w3.org/2000/svg}metadata' at 0x000002A1E2393DB8>
--Found Elem: <Element '{http://www.w3.org/1999/02/22-rdf-syntax-ns#}RDF' at 0x000002A1E2393CC8>
--Found Elem: <Element '{http://creativecommons.org/ns#}Work' at 0x000002A1E2393AE8>
--Found Elem: <Element '{http://purl.org/dc/elements/1.1/}format' at 0x000002A1E2358098>
--Found Elem: <Element '{http://purl.org/dc/elements/1.1/}type' at 0x000002A1E2358048>
--Found Elem: <Element '{http://purl.org/dc/elements/1.1/}title' at 0x000002A1E23580E8>
--Found Elem: <Element '{http://www.w3.org/2000/svg}g' at 0x000002A1E2358188>
--Found Elem: <Element '{http://www.w3.org/2000/svg}path' at 0x000002A1E23581D8>
  --Name: path
	Class : <class 'shapes.path'>
	Object: <Element '{http://www.w3.org/2000/svg}path' at 0x000002A1E23581D8>
	Attrs : [('style', 'fill:#000000'), ('d', 'm 250.09694,643.71293 c -3.91675,-5.5526 -8.52756,-15.424 -10.65546,-22.8125 -2.77756,-9.6444 -6.07401,-12.6422 -37.71496,-34.29819 -19.67483,-13.466 -50.15981,-28.83192 -67.5,-34.02328 -9.10039,-2.72451 -13.75788,-3.36984 -24.375,-3.37739 -7.21875,-0.005 -15.781681,0.44645 -19.028741,1.00351 -5.65747,0.97057 -6.07461,0.83358 -10,-3.28403 -2.25294,-2.36327 -6.90876,-7.89391 -10.34626,-12.2903 -3.4375,-4.3964 -11.875,-14.00096 -18.75,-21.34346 -31.61389,-33.76367 -38.27323,-42.75439 -39.07566,-52.75566 -0.66367,-8.27169 2.32391,-13.01666 13.14745,-20.88125 4.25773,-3.09375 7.61463,-6.39223 7.45977,-7.32994 -0.15486,-0.93771 -2.25031,-2.4362 -4.65656,-3.32998 -2.40625,-0.89379 -7.04687,-2.59362 -10.3125,-3.77739 l -5.9375,-2.15234 0,-9.35096 c 0,-8.33384 0.23794,-9.2763 2.1875,-8.66454 1.20313,0.37752 9.21875,3.64581 17.8125,7.26285 14.07863,5.92558 16.55282,6.58086 25,6.62116 5.15625,0.0246 14.4375,-0.97633 20.625,-2.22431 15.01416,-3.02825 19.05151,-2.83152 35.766001,1.74278 22.05475,6.03577 20.73074,6.01193 21.53964,0.38787 0.38051,-2.64561 1.03625,-7.99651 1.4572,-11.89089 0.57267,-5.29802 1.7909,-8.44505 4.83882,-12.49999 2.2404,-2.98062 7.36939,-9.80868 11.39774,-15.17348 4.02835,-5.36479 12.56707,-14.76632 18.97494,-20.89228 6.40786,-6.12595 11.65066,-11.4397 11.65066,-11.80833 0,-0.36862 -38.53125,-0.67022 -85.625001,-0.67022 l -85.625,0 0,-8.75 0,-8.75 89.687501,0.01 c 55.36174,0.006 92.7161,0.50089 97.60072,1.29351 6.96015,1.12942 9.29369,0.91731 19.375,-1.76117 16.19555,-4.30296 19.17804,-4.64559 28.33678,-3.25535 4.46875,0.67833 12.0625,1.76343 16.875,2.41133 11.184,1.50569 31.20078,8.93855 35.71271,13.26127 1.91435,1.83406 4.12203,4.88311 4.90595,6.77566 1.2685,3.06244 5.72209,6.2653 8.7119,6.2653 0.59836,0 1.27501,-9.72982 1.50369,-21.62182 0.34852,-18.12575 0.77411,-22.16804 2.63206,-25 3.05339,-4.65406 8.76529,-4.65294 11.81738,0.002 4.12997,6.29935 2.54767,87.43457 -2.10369,107.86951 -0.5477,2.40625 -2.99025,11.125 -5.42789,19.375 -2.43764,8.25 -4.82426,17.13318 -5.30362,19.74038 -0.49482,2.69128 -2.43223,6.30106 -4.48203,8.35085 -5.95137,5.95138 -13.12502,6.74042 -52.6409,5.79002 -30.38735,-0.73085 -35.15136,-0.58733 -38.53185,1.16079 -7.14244,3.6935 -16.69529,4.39246 -33.54956,2.45478 -8.65929,-0.99554 -17.00978,-2.17082 -18.55665,-2.61173 -4.52583,-1.29002 -3.43224,1.68982 4.85897,13.23991 17.55237,24.45138 32.96684,41.29554 46.70327,51.03496 9.70072,6.87803 24.29523,13.14695 27.62887,11.86772 0.89715,-0.34427 2.83799,-2.67134 4.31299,-5.17128 5.13554,-8.70407 19.69245,-27.15004 26.51241,-33.59551 7.62643,-7.20765 21.63771,-16.66961 30.65604,-20.70235 4.88115,-2.1827 8.45906,-2.64876 20.88995,-2.72118 17.65281,-0.10275 24.52021,1.90065 30.72035,8.96222 3.73232,4.25087 3.92637,4.9544 3.34933,12.14312 -1.37929,17.18298 -14.86801,32.38494 -39.69468,44.73644 -23.9532,11.91692 -29.94706,13.69689 -48.48159,14.39736 -13.60576,0.5142 -16.79745,0.99316 -17.66282,2.65056 -2.24018,4.29046 -5.10559,20.40983 -5.10559,28.72143 l 0,8.70501 13.35359,13.5482 c 11.71658,11.8875 22.89641,26.2268 22.89641,29.3672 0,0.5809 -8.3992,1.0562 -18.66489,1.0562 l -18.66487,0 -2.42482,-3.4375 z m -13.4715,-58.12505 c 0.31435,-1.54688 1.5105,-6.88998 2.6581,-11.87355 1.14762,-4.98358 1.78199,-9.85475 1.40974,-10.82483 -0.37225,-0.97007 -3.66706,-2.64089 -7.3218,-3.71295 -9.17196,-2.6904 -20.35962,-9.59838 -32.53723,-20.09057 -17.37849,-14.97326 -42.61736,-46.75414 -51.33186,-64.63729 -2.90173,-5.95467 -6.27752,-11.4546 -7.50176,-12.22206 -2.12956,-1.335 -15.29938,-5.05046 -52.149111,-14.7123 -27.42311,-7.19021 -28.10621,-7.29996 -34.71377,-5.57718 -5.92714,1.54538 -22.2226,11.8858 -24.55306,15.58035 -1.68348,2.66888 0.65642,6.81977 9.59965,17.0294 3.9643,4.52567 10.99555,12.64707 15.625,18.04755 4.62945,5.40049 12.09664,13.83799 16.59376,18.75 4.49712,4.91202 10.2544,11.54667 12.79397,14.74369 l 4.61739,5.81275 14.706031,-0.0113 c 26.97655,-0.0214 49.84783,7.29129 83.2824,26.62809 15.79212,9.13331 20.81002,12.37581 36.04999,23.29499 5.018,3.59531 9.81605,6.54843 10.66233,6.5625 0.84627,0.0141 1.79587,-1.24005 2.11023,-2.78693 z m 62.20634,-43.95114 c 22.1178,-8.00631 37.82264,-18.10237 44.45724,-28.57991 4.43204,-6.9992 5.16827,-11.46465 2.08526,-12.64771 -1.08747,-0.41731 -7.34635,-0.75874 -13.90861,-0.75874 -11.65019,0 -12.15595,0.12313 -21.46026,5.2215 -5.24089,2.87181 -11.40933,6.63474 -13.70764,8.36202 -6.12574,4.60379 -26.44625,28.95699 -26.44625,31.69462 0,0.53452 3.8704,0.97186 8.60089,0.97186 6.65133,0 11.27068,-0.96643 20.37937,-4.26364 z m 0.6227,-92.22141 c 0.7082,-0.90198 2.8168,-7.26495 4.68578,-14.13995 1.86899,-6.875 4.2473,-15.03125 5.28513,-18.125 1.03785,-3.09375 2.38338,-11.25 2.99005,-18.125 0.60668,-6.87499 1.47558,-15.9546 1.93088,-20.1769 l 0.82784,-7.67691 -7.33062,-2.13106 c -4.91596,-1.42911 -7.95356,-1.73812 -9.22184,-0.93811 -1.04018,0.65613 -9.77673,16.75015 -19.41455,35.76448 -14.25845,28.13029 -18.52857,35.4904 -22.91865,39.50333 -2.96743,2.71249 -5.12044,5.37581 -4.78448,5.91848 0.33596,0.54268 10.97255,1.16217 23.63685,1.37664 17.8817,0.30282 23.31366,0.0235 24.31361,-1.25 z m -68.06181,-5.40534 c 2.54183,-1.72721 6.17901,-5.80534 8.08264,-9.0625 1.90362,-3.25716 5.00249,-7.2255 6.88636,-8.81854 1.88388,-1.59303 6.1566,-7.78053 9.49496,-13.75 6.01137,-10.74918 25.24489,-49.40389 25.24489,-50.73608 0,-1.50323 -10.39809,-5.87103 -18.41085,-7.73361 -12.84388,-2.98559 -31.08026,-5.50887 -39.81393,-5.50887 -13.98185,0 -27.8566,9.38152 -49.63863,33.56358 -5.35614,5.94628 -11.19528,13.90516 -12.97588,17.68641 -1.7806,3.78125 -4.28894,8.36809 -5.57409,10.19296 -1.71247,2.43168 -2.33662,5.52738 -2.33662,11.5893 0,7.40718 0.29384,8.39023 2.8125,9.40931 5.73361,2.31989 33.1943,9.93744 44.6875,12.39624 6.53125,1.39726 13,2.78386 14.375,3.08133 6.93168,1.49961 12.70322,0.72311 17.16615,-2.30953 z'), ('id', 'path3416'), ('{http://www.inkscape.org/namespaces/inkscape}connector-curvature', '0')]
	Transform: None
	d: m 250.09694,643.71293 c -3.91675,-5.5526 -8.52756,-15.424 -10.65546,-22.8125 -2.77756,-9.6444 -6.07401,-12.6422 -37.71496,-34.29819 -19.67483,-13.466 -50.15981,-28.83192 -67.5,-34.02328 -9.10039,-2.72451 -13.75788,-3.36984 -24.375,-3.37739 -7.21875,-0.005 -15.781681,0.44645 -19.028741,1.00351 -5.65747,0.97057 -6.07461,0.83358 -10,-3.28403 -2.25294,-2.36327 -6.90876,-7.89391 -10.34626,-12.2903 -3.4375,-4.3964 -11.875,-14.00096 -18.75,-21.34346 -31.61389,-33.76367 -38.27323,-42.75439 -39.07566,-52.75566 -0.66367,-8.27169 2.32391,-13.01666 13.14745,-20.88125 4.25773,-3.09375 7.61463,-6.39223 7.45977,-7.32994 -0.15486,-0.93771 -2.25031,-2.4362 -4.65656,-3.32998 -2.40625,-0.89379 -7.04687,-2.59362 -10.3125,-3.77739 l -5.9375,-2.15234 0,-9.35096 c 0,-8.33384 0.23794,-9.2763 2.1875,-8.66454 1.20313,0.37752 9.21875,3.64581 17.8125,7.26285 14.07863,5.92558 16.55282,6.58086 25,6.62116 5.15625,0.0246 14.4375,-0.97633 20.625,-2.22431 15.01416,-3.02825 19.05151,-2.83152 35.766001,1.74278 22.05475,6.03577 20.73074,6.01193 21.53964,0.38787 0.38051,-2.64561 1.03625,-7.99651 1.4572,-11.89089 0.57267,-5.29802 1.7909,-8.44505 4.83882,-12.49999 2.2404,-2.98062 7.36939,-9.80868 11.39774,-15.17348 4.02835,-5.36479 12.56707,-14.76632 18.97494,-20.89228 6.40786,-6.12595 11.65066,-11.4397 11.65066,-11.80833 0,-0.36862 -38.53125,-0.67022 -85.625001,-0.67022 l -85.625,0 0,-8.75 0,-8.75 89.687501,0.01 c 55.36174,0.006 92.7161,0.50089 97.60072,1.29351 6.96015,1.12942 9.29369,0.91731 19.375,-1.76117 16.19555,-4.30296 19.17804,-4.64559 28.33678,-3.25535 4.46875,0.67833 12.0625,1.76343 16.875,2.41133 11.184,1.50569 31.20078,8.93855 35.71271,13.26127 1.91435,1.83406 4.12203,4.88311 4.90595,6.77566 1.2685,3.06244 5.72209,6.2653 8.7119,6.2653 0.59836,0 1.27501,-9.72982 1.50369,-21.62182 0.34852,-18.12575 0.77411,-22.16804 2.63206,-25 3.05339,-4.65406 8.76529,-4.65294 11.81738,0.002 4.12997,6.29935 2.54767,87.43457 -2.10369,107.86951 -0.5477,2.40625 -2.99025,11.125 -5.42789,19.375 -2.43764,8.25 -4.82426,17.13318 -5.30362,19.74038 -0.49482,2.69128 -2.43223,6.30106 -4.48203,8.35085 -5.95137,5.95138 -13.12502,6.74042 -52.6409,5.79002 -30.38735,-0.73085 -35.15136,-0.58733 -38.53185,1.16079 -7.14244,3.6935 -16.69529,4.39246 -33.54956,2.45478 -8.65929,-0.99554 -17.00978,-2.17082 -18.55665,-2.61173 -4.52583,-1.29002 -3.43224,1.68982 4.85897,13.23991 17.55237,24.45138 32.96684,41.29554 46.70327,51.03496 9.70072,6.87803 24.29523,13.14695 27.62887,11.86772 0.89715,-0.34427 2.83799,-2.67134 4.31299,-5.17128 5.13554,-8.70407 19.69245,-27.15004 26.51241,-33.59551 7.62643,-7.20765 21.63771,-16.66961 30.65604,-20.70235 4.88115,-2.1827 8.45906,-2.64876 20.88995,-2.72118 17.65281,-0.10275 24.52021,1.90065 30.72035,8.96222 3.73232,4.25087 3.92637,4.9544 3.34933,12.14312 -1.37929,17.18298 -14.86801,32.38494 -39.69468,44.73644 -23.9532,11.91692 -29.94706,13.69689 -48.48159,14.39736 -13.60576,0.5142 -16.79745,0.99316 -17.66282,2.65056 -2.24018,4.29046 -5.10559,20.40983 -5.10559,28.72143 l 0,8.70501 13.35359,13.5482 c 11.71658,11.8875 22.89641,26.2268 22.89641,29.3672 0,0.5809 -8.3992,1.0562 -18.66489,1.0562 l -18.66487,0 -2.42482,-3.4375 z m -13.4715,-58.12505 c 0.31435,-1.54688 1.5105,-6.88998 2.6581,-11.87355 1.14762,-4.98358 1.78199,-9.85475 1.40974,-10.82483 -0.37225,-0.97007 -3.66706,-2.64089 -7.3218,-3.71295 -9.17196,-2.6904 -20.35962,-9.59838 -32.53723,-20.09057 -17.37849,-14.97326 -42.61736,-46.75414 -51.33186,-64.63729 -2.90173,-5.95467 -6.27752,-11.4546 -7.50176,-12.22206 -2.12956,-1.335 -15.29938,-5.05046 -52.149111,-14.7123 -27.42311,-7.19021 -28.10621,-7.29996 -34.71377,-5.57718 -5.92714,1.54538 -22.2226,11.8858 -24.55306,15.58035 -1.68348,2.66888 0.65642,6.81977 9.59965,17.0294 3.9643,4.52567 10.99555,12.64707 15.625,18.04755 4.62945,5.40049 12.09664,13.83799 16.59376,18.75 4.49712,4.91202 10.2544,11.54667 12.79397,14.74369 l 4.61739,5.81275 14.706031,-0.0113 c 26.97655,-0.0214 49.84783,7.29129 83.2824,26.62809 15.79212,9.13331 20.81002,12.37581 36.04999,23.29499 5.018,3.59531 9.81605,6.54843 10.66233,6.5625 0.84627,0.0141 1.79587,-1.24005 2.11023,-2.78693 z m 62.20634,-43.95114 c 22.1178,-8.00631 37.82264,-18.10237 44.45724,-28.57991 4.43204,-6.9992 5.16827,-11.46465 2.08526,-12.64771 -1.08747,-0.41731 -7.34635,-0.75874 -13.90861,-0.75874 -11.65019,0 -12.15595,0.12313 -21.46026,5.2215 -5.24089,2.87181 -11.40933,6.63474 -13.70764,8.36202 -6.12574,4.60379 -26.44625,28.95699 -26.44625,31.69462 0,0.53452 3.8704,0.97186 8.60089,0.97186 6.65133,0 11.27068,-0.96643 20.37937,-4.26364 z m 0.6227,-92.22141 c 0.7082,-0.90198 2.8168,-7.26495 4.68578,-14.13995 1.86899,-6.875 4.2473,-15.03125 5.28513,-18.125 1.03785,-3.09375 2.38338,-11.25 2.99005,-18.125 0.60668,-6.87499 1.47558,-15.9546 1.93088,-20.1769 l 0.82784,-7.67691 -7.33062,-2.13106 c -4.91596,-1.42911 -7.95356,-1.73812 -9.22184,-0.93811 -1.04018,0.65613 -9.77673,16.75015 -19.41455,35.76448 -14.25845,28.13029 -18.52857,35.4904 -22.91865,39.50333 -2.96743,2.71249 -5.12044,5.37581 -4.78448,5.91848 0.33596,0.54268 10.97255,1.16217 23.63685,1.37664 17.8817,0.30282 23.31366,0.0235 24.31361,-1.25 z m -68.06181,-5.40534 c 2.54183,-1.72721 6.17901,-5.80534 8.08264,-9.0625 1.90362,-3.25716 5.00249,-7.2255 6.88636,-8.81854 1.88388,-1.59303 6.1566,-7.78053 9.49496,-13.75 6.01137,-10.74918 25.24489,-49.40389 25.24489,-50.73608 0,-1.50323 -10.39809,-5.87103 -18.41085,-7.73361 -12.84388,-2.98559 -31.08026,-5.50887 -39.81393,-5.50887 -13.98185,0 -27.8566,9.38152 -49.63863,33.56358 -5.35614,5.94628 -11.19528,13.90516 -12.97588,17.68641 -1.7806,3.78125 -4.28894,8.36809 -5.57409,10.19296 -1.71247,2.43168 -2.33662,5.52738 -2.33662,11.5893 0,7.40718 0.29384,8.39023 2.8125,9.40931 5.73361,2.31989 33.1943,9.93744 44.6875,12.39624 6.53125,1.39726 13,2.78386 14.375,3.08133 6.93168,1.49961 12.70322,0.72311 17.16615,-2.30953 z
	m: None
	d is GOOD!
	Points: <generator object point_generator at 0x000002A1E2328990>
	  pt: (164.9998944409991, 424.6855859184293)
	    --Point printed
	  pt: (164.35388160238563, 423.76976262419674)
	    --Point printed
	  pt: (162.33824835558866, 420.2721166723844)
	    --Point printed
	  pt: (160.41290021705566, 416.26690510905564)
	    --Point printed
	  pt: (158.7743358854421, 412.17481972501884)
	    --Point printed
	  pt: (157.74096151054928, 408.8398274110335)
	    --Point printed
	  pt: (156.95532738443762, 406.73113382840233)
	    --Point printed
	  pt: (155.85075921043517, 404.7726846189815)
	    --Point printed
	  pt: (154.21212684274678, 402.7688390344814)
	    --Point printed
	  pt: (151.82430013557732, 400.52395632661273)
	    --Point printed
	  pt: (148.4721489431317, 397.8423957470856)
	    --Point printed
	  pt: (142.35651480464983, 393.3815153819257)
	    --Point printed
	  pt: (131.46526861467007, 385.89665114069703)
	    --Point printed
	  pt: (126.10219167906435, 382.4983009536596)
	    --Point printed
	  pt: (120.31743581105599, 379.106908589204)
	    --Point printed
	  pt: (114.29620556625805, 375.81582634554746)
	    --Point printed
	  pt: (108.22370550028369, 372.7184065209073)
	    --Point printed
	  pt: (102.28514016874595, 369.908001413501)
	    --Point printed
	  pt: (96.66571412725798, 367.477963321546)
	    --Point printed
	  pt: (91.55063193143283, 365.52164454325936)
	    --Point printed
	  pt: (87.05412702706266, 364.11114867985276)
	    --Point printed
	  pt: (83.2527063925871, 363.1619868842942)
	    --Point printed
	  pt: (79.69260105624974, 362.6083530156887)
	    --Point printed
	  pt: (75.73040437344135, 362.3610950756726)
	    --Point printed
	  pt: (70.0925917373692, 362.33065697283183)
	    --Point printed
	  pt: (62.93876703788248, 362.6442678163802)
	    --Point printed
	  pt: (58.98664117856624, 363.1544476625279)
	    --Point printed
	  pt: (57.08730982886246, 363.3471138684735)
	    --Point printed
	  pt: (55.762978973966504, 363.02882997743677)
	    --Point printed
	  pt: (54.47254039281143, 362.0218944212068)
	    --Point printed
	  pt: (52.57914220116906, 360.0481711903097)
	    --Point printed
	  pt: (48.965257234090274, 355.8068682623669)
	    --Point printed
	  pt: (45.362508741604756, 351.2690501009408)
	    --Point printed
	  pt: (38.91969862905247, 343.8553478828823)
	    --Point printed
	  pt: (28.911981276472215, 333.06924175650175)
	    --Point printed
	  pt: (19.696914914497206, 322.83440132789923)
	    --Point printed
	  pt: (15.658057141231344, 318.02509170438196)
	    --Point printed
	  pt: (12.670492795598188, 314.08354046538324)
	    --Point printed
	  pt: (10.586570915856282, 310.81040577745847)
	    --Point printed
	  pt: (9.25864054026416, 308.0063458071635)
	    --Point printed
	  pt: (8.539050707080367, 305.47201872105376)
	    --Point printed
	  pt: (8.291593710003033, 303.15071763627003)
	    --Point printed
	  pt: (8.326378158317057, 301.26891665745774)
	    --Point printed
	  pt: (8.630134053746023, 299.5367329860332)
	    --Point printed
	  pt: (9.235214946577246, 297.90278129412036)
	    --Point printed
	  pt: (10.173974387098047, 296.31567625384304)
	    --Point printed
	  pt: (11.478765925595745, 294.72403253732494)
	    --Point printed
	  pt: (13.772999656933244, 292.52226552706924)
	    --Point printed
	  pt: (18.424778655970016, 289.03605169752063)
	    --Point printed
	  pt: (21.01874802076873, 286.6669869172813)
	    --Point printed
	  pt: (21.84809004182775, 285.6273787885785)
	    --Point printed
	  pt: (21.916267961523744, 285.066048596725)
	    --Point printed
	  pt: (21.473152098974758, 284.51047528764826)
	    --Point printed
	  pt: (20.405919880718326, 283.71318135036347)
	    --Point printed
	  pt: (17.28216514705688, 282.4341047936981)
	    --Point printed
	  pt: (12.06606607993455, 280.5316677002652)
	    --Point printed
	  pt: (8.148837531502762, 279.11167482549774)
	    --Point printed
	  pt: (8.148837531502762, 271.56788763244356)
	    --Point printed
	  pt: (8.228276452425876, 268.8477740245689)
	    --Point printed
	  pt: (8.488114056500452, 267.474937984087)
	    --Point printed
	  pt: (9.019498891630487, 267.0883454616227)
	    --Point printed
	  pt: (10.385784501299693, 267.47512766041666)
	    --Point printed
	  pt: (23.66578469922282, 272.9950222333646)
	    --Point printed
	  pt: (28.601908102642934, 274.93644688403026)
	    --Point printed
	  pt: (32.116622656260304, 275.95789350416294)
	    --Point printed
	  pt: (35.297109580139065, 276.3472981843851)
	    --Point printed
	  pt: (39.53820839985749, 276.3940649451753)
	    --Point printed
	  pt: (46.852086439626845, 275.7010750524496)
	    --Point printed
	  pt: (53.92089606396875, 274.4190082072123)
	    --Point printed
	  pt: (58.667117036274355, 273.7200773735106)
	    --Point printed
	  pt: (61.1895640238019, 273.57168069515546)
	    --Point printed
	  pt: (63.64267624642089, 273.6524558548959)
	    --Point printed
	  pt: (66.20933120177685, 273.9713139549411)
	    --Point printed
	  pt: (70.05000581399185, 274.73983541042656)
	    --Point printed
	  pt: (78.67853820576087, 277.06377907820604)
	    --Point printed
	  pt: (84.31107314950124, 278.560223523246)
	    --Point printed
	  pt: (86.45946776615712, 279.00579054001673)
	    --Point printed
	  pt: (87.81933061573883, 279.0884038077111)
	    --Point printed
	  pt: (88.5879019128033, 278.8116150413742)
	    --Point printed
	  pt: (89.07267531040942, 277.94845834377924)
	    --Point printed
	  pt: (89.50259939039675, 274.5787338197844)
	    --Point printed
	  pt: (90.30739275865253, 267.6053841687888)
	    --Point printed
	  pt: (90.7482626060538, 265.36428658609)
	    --Point printed
	  pt: (91.44649931716519, 263.4030910644306)
	    --Point printed
	  pt: (92.47534248947707, 261.5326016500191)
	    --Point printed
	  pt: (94.88341008352356, 258.2659822924776)
	    --Point printed
	  pt: (102.25374734453138, 248.45212569438024)
	    --Point printed
	  pt: (108.86450017813081, 241.0200908467151)
	    --Point printed
	  pt: (115.5572789528547, 234.41748914721518)
	    --Point printed
	  pt: (120.26523018459629, 229.70662514679293)
	    --Point printed
	  pt: (121.12995632496337, 228.52619842453183)
	    --Point printed
	  pt: (94.29694060326968, 228.25536701545116)
	    --Point printed
	  pt: (64.63939659836119, 228.20562233628453)
	    --Point printed
	  pt: (8.148837531502762, 228.20562233628453)
	    --Point printed
	  pt: (8.148837531502762, 222.4328644754377)
	    --Point printed
	  pt: (8.148837531502762, 216.66010661459086)
	    --Point printed
	  pt: (85.58188739493579, 216.66868328341266)
	    --Point printed
	  pt: (117.56831151780648, 216.9725266206605)
	    --Point printed
	  pt: (128.76091628511486, 217.27090274387427)
	    --Point printed
	  pt: (132.85905069471016, 217.70637114544706)
	    --Point printed
	  pt: (135.6042419874121, 217.96544303442542)
	    --Point printed
	  pt: (138.22528187551953, 217.79985188752687)
	    --Point printed
	  pt: (141.48753785279797, 217.14002525169224)
	    --Point printed
	  pt: (147.1648353279586, 215.64845553986828)
	    --Point printed
	  pt: (152.85413374820217, 214.28989470489657)
	    --Point printed
	  pt: (156.8734665081082, 213.7274408869595)
	    --Point printed
	  pt: (160.4220813760935, 213.82332350864922)
	    --Point printed
	  pt: (166.1368506472086, 214.6579954345732)
	    --Point printed
	  pt: (175.24411838441947, 215.92550255980575)
	    --Point printed
	  pt: (178.40362599806863, 216.5802269281423)
	    --Point printed
	  pt: (183.01965562200644, 217.83038297300325)
	    --Point printed
	  pt: (190.05106045561902, 220.33220860767676)
	    --Point printed
	  pt: (194.86937418975222, 222.55803533876193)
	    --Point printed
	  pt: (196.97902293186826, 223.8053386877037)
	    --Point printed
	  pt: (198.5145242587779, 225.15537625186377)
	    --Point printed
	  pt: (200.3676883898294, 227.5812243524615)
	    --Point printed
	  pt: (201.32892514547353, 229.52567722696503)
	    --Point printed
	  pt: (202.51741290557746, 231.0010184794226)
	    --Point printed
	  pt: (204.11052151094515, 232.2353866758151)
	    --Point printed
	  pt: (205.82071380975628, 233.0219966814889)
	    --Point printed
	  pt: (206.9660165991529, 233.1540633617903)
	    --Point printed
	  pt: (207.26738094923934, 231.30408909179675)
	    --Point printed
	  pt: (207.6346190639556, 226.37825418607412)
	    --Point printed
	  pt: (207.91685909192873, 215.89961503951866)
	    --Point printed
	  pt: (208.1331410317733, 209.5690329063692)
	    --Point printed
	  pt: (208.4802584051355, 205.6611329284706)
	    --Point printed
	  pt: (209.04203722274272, 203.37969943723857)
	    --Point printed
	  pt: (209.84766764088832, 202.0117978677082)
	    --Point printed
	  pt: (210.72640849106713, 201.10030125549238)
	    --Point printed
	  pt: (211.7147569009197, 200.47671805520736)
	    --Point printed
	  pt: (212.7715949593928, 200.14103775218706)
	    --Point printed
	  pt: (213.85580475543304, 200.09324983176535)
	    --Point printed
	  pt: (214.92626837798704, 200.3333437792761)
	    --Point printed
	  pt: (215.94186791600148, 200.8613090800533)
	    --Point printed
	  pt: (216.86148545842303, 201.67713521943077)
	    --Point printed
	  pt: (217.56259854922357, 202.65667553472235)
	    --Point printed
	  pt: (218.0007292520125, 204.35656235580993)
	    --Point printed
	  pt: (218.46705170102564, 207.98283957526522)
	    --Point printed
	  pt: (218.8751477722928, 216.28075410979127)
	    --Point printed
	  pt: (218.97761752304163, 226.7622860265448)
	    --Point printed
	  pt: (218.79489659341317, 238.37955491212216)
	    --Point printed
	  pt: (218.34742062354863, 250.08468035311964)
	    --Point printed
	  pt: (217.65562525358905, 260.8297819361335)
	    --Point printed
	  pt: (216.73994612367562, 269.5669792477602)
	    --Point printed
	  pt: (215.64306543338571, 275.1506722788869)
	    --Point printed
	  pt: (211.61928167099904, 289.06714212199984)
	    --Point printed
	  pt: (209.55519086386855, 296.61407299404914)
	    --Point printed
	  pt: (208.8427467771518, 299.8131803607479)
	    --Point printed
	  pt: (208.32791202646897, 301.283114806959)
	    --Point printed
	  pt: (207.56587376462986, 302.7758937053848)
	    --Point printed
	  pt: (206.63890616134697, 304.1382200278412)
	    --Point printed
	  pt: (205.47657167456163, 305.36951093195404)
	    --Point printed
	  pt: (203.8609801617115, 306.5846470309057)
	    --Point printed
	  pt: (201.84898955089596, 307.5157723084105)
	    --Point printed
	  pt: (199.19999992784054, 308.1893504781493)
	    --Point printed
	  pt: (195.6734113782707, 308.6318452538035)
	    --Point printed
	  pt: (191.02862398791189, 308.869720349054)
	    --Point printed
	  pt: (182.93944253302024, 308.94042843759485)
	    --Point printed
	  pt: (166.22589791125134, 308.5780988164197)
	    --Point printed
	  pt: (155.97300947062166, 308.4117924660562)
	    --Point printed
	  pt: (150.0604267552483, 308.5220292563369)
	    --Point printed
	  pt: (146.98889321387577, 308.9539746262552)
	    --Point printed
	  pt: (145.22769406362576, 309.7690616464565)
	    --Point printed
	  pt: (143.3237832418077, 310.5294243137841)
	    --Point printed
	  pt: (141.22036724842326, 311.1082611669878)
	    --Point printed
	  pt: (138.87963186504618, 311.5083392641548)
	    --Point printed
	  pt: (135.3751208155753, 311.7974462968583)
	    --Point printed
	  pt: (128.94128692915677, 311.6144589441461)
	    --Point printed
	  pt: (120.82614762426279, 310.75559132832814)
	    --Point printed
	  pt: (113.58266919128616, 309.77293104358273)
	    --Point printed
	  pt: (111.06673390555115, 309.2545340889599)
	    --Point printed
	  pt: (110.24073194033942, 309.1665399151157)
	    --Point printed
	  pt: (109.77856546142483, 309.38697130815643)
	    --Point printed
	  pt: (109.69243612031092, 309.9490761834979)
	    --Point printed
	  pt: (110.11726945254469, 311.22050491838974)
	    --Point printed
	  pt: (112.20739457294793, 314.639203046037)
	    --Point printed
	  pt: (117.54066165701248, 322.12877868235984)
	    --Point printed
	  pt: (124.43269737471472, 330.9641227222347)
	    --Point printed
	  pt: (128.41478863047098, 335.69590616629506)
	    --Point printed
	  pt: (132.27649984496028, 339.9701251533905)
	    --Point printed
	  pt: (136.02138636697262, 343.79066454339136)
	    --Point printed
	  pt: (139.65300354529808, 347.1614091961682)
	    --Point printed
	  pt: (143.17490672872663, 350.08624397159144)
	    --Point printed
	  pt: (147.0578331376094, 352.9002978743056)
	    --Point printed
	  pt: (152.53371702930588, 356.03495858458575)
	    --Point printed
	  pt: (157.8881016863051, 358.4466745616002)
	    --Point printed
	  pt: (161.4658216654902, 359.536280133796)
	    --Point printed
	  pt: (163.01989055263442, 359.7286986265784)
	    --Point printed
	  pt: (163.98175478644103, 359.48195270956757)
	    --Point printed
	  pt: (165.48132265428114, 357.8046053412855)
	    --Point printed
	  pt: (167.37831356301223, 354.74818405531295)
	    --Point printed
	  pt: (171.50806907847004, 348.8811182986528)
	    --Point printed
	  pt: (176.5536965442623, 342.39691998627734)
	    --Point printed
	  pt: (181.45393710332917, 336.6403778022616)
	    --Point printed
	  pt: (185.28054778524032, 332.8305695567841)
	    --Point printed
	  pt: (190.1359529833614, 328.9578083559845)
	    --Point printed
	  pt: (195.63269096283014, 325.160967167852)
	    --Point printed
	  pt: (201.0670336766201, 321.9152798303139)
	    --Point printed
	  pt: (205.0528834100836, 320.0011182656656)
	    --Point printed
	  pt: (207.4088164032091, 319.24774450103575)
	    --Point printed
	  pt: (210.27988556744572, 318.8099690580178)
	    --Point printed
	  pt: (214.29426303323797, 318.6059630939343)
	    --Point printed
	  pt: (220.94140320899373, 318.54889525908135)
	    --Point printed
	  pt: (226.59791282847002, 318.89955349779643)
	    --Point printed
	  pt: (229.38811266485357, 319.33451647380156)
	    --Point printed
	  pt: (231.77198163108457, 319.9758241024186)
	    --Point printed
	  pt: (233.82774691013145, 320.8462995488177)
	    --Point printed
	  pt: (235.63363568496257, 321.968765978169)
	    --Point printed
	  pt: (237.26787513854623, 323.36604655564275)
	    --Point printed
	  pt: (238.91297320120873, 325.17973234195836)
	    --Point printed
	  pt: (240.08732038476268, 326.7585818230699)
	    --Point printed
	  pt: (240.6144894572949, 328.28716790148707)
	    --Point printed
	  pt: (240.66563320556304, 330.3860123602992)
	    --Point printed
	  pt: (240.39333180492704, 333.9070041695805)
	    --Point printed
	  pt: (239.4299282033859, 338.0537932379563)
	    --Point printed
	  pt: (237.7254973230898, 342.0690916647974)
	    --Point printed
	  pt: (235.28600376301355, 345.9461774859144)
	    --Point printed
	  pt: (232.11741212213187, 349.6783287371185)
	    --Point printed
	  pt: (228.2256869994195, 353.2588234542203)
	    --Point printed
	  pt: (223.61679299385122, 356.6809396730309)
	    --Point printed
	  pt: (218.2966947044019, 359.9379554293611)
	    --Point printed
	  pt: (210.36801826170725, 363.9700740232493)
	    --Point printed
	  pt: (202.98168618339898, 367.3520006626301)
	    --Point printed
	  pt: (199.25961756922374, 368.80395523597383)
	    --Point printed
	  pt: (195.8623285903256, 369.86235126901704)
	    --Point printed
	  pt: (192.55401231927152, 370.5972152783047)
	    --Point printed
	  pt: (187.93025395186515, 371.22753654980403)
	    --Point printed
	  pt: (180.08925673268516, 371.58792405029885)
	    --Point printed
	  pt: (175.3373432696242, 371.8601112327971)
	    --Point printed
	  pt: (172.49493110625843, 372.22366962671697)
	    --Point printed
	  pt: (171.06178500270505, 372.7536665259213)
	    --Point printed
	  pt: (170.31091414094774, 373.95945544750424)
	    --Point printed
	  pt: (169.14551844313678, 378.11632478195475)
	    --Point printed
	  pt: (168.11330439257404, 383.58031555543835)
	    --Point printed
	  pt: (167.43017148389575, 389.13687992333786)
	    --Point printed
	  pt: (167.31201921173826, 392.20058849143)
	    --Point printed
	  pt: (167.31201921173826, 397.9436644807157)
	    --Point printed
	  pt: (178.0544519508624, 408.8426808027763)
	    --Point printed
	  pt: (183.52181731365548, 414.9487597642076)
	    --Point printed
	  pt: (187.9786754324621, 420.53567811761906)
	    --Point printed
	  pt: (190.3606095455026, 424.1087281418647)
	    --Point printed
	  pt: (191.11248311468336, 425.6234230062543)
	    --Point printed
	  pt: (191.22773034953235, 426.3526429334847)
	    --Point printed
	  pt: (189.63075275937834, 426.6106831481652)
	    --Point printed
	  pt: (185.37855931756113, 426.87525894942405)
	    --Point printed
	  pt: (178.9136857244647, 426.95365300117436)
	    --Point printed
	  pt: (166.5996542942722, 426.95365300117436)
	    --Point printed
	  pt: (164.99989444099919, 424.685783841556)
	    --Point printed
	  pt: (164.9998944409991, 424.6855859184293)
	    --Point printed
	  pt: (156.31954688798868, 385.31740272078326)
	    --Point printed
	  pt: (158.24438887935924, 376.86050378033167)
	    --Point printed
	  pt: (158.79116347460646, 373.2934754641297)
	    --Point printed
	  pt: (158.8771763297135, 371.8436922724214)
	    --Point printed
	  pt: (158.73449107366696, 371.2028332695581)
	    --Point printed
	  pt: (158.00058861513187, 370.60515346464433)
	    --Point printed
	  pt: (156.31720314829718, 369.71927903202396)
	    --Point printed
	  pt: (152.45259081372794, 368.4694934487445)
	    --Point printed
	  pt: (147.51980447669123, 366.28178253691266)
	    --Point printed
	  pt: (142.17291760130362, 363.1028585872247)
	    --Point printed
	  pt: (136.47537382730545, 358.97189615303415)
	    --Point printed
	  pt: (131.06597355087283, 354.4237946481587)
	    --Point printed
	  pt: (126.42416624367469, 349.9321766668014)
	    --Point printed
	  pt: (121.54755685547983, 344.7175169492295)
	    --Point printed
	  pt: (116.62467296295867, 339.0172099828302)
	    --Point printed
	  pt: (111.84404214278175, 333.068650254991)
	    --Point printed
	  pt: (107.39419197161946, 327.10923225309915)
	    --Point printed
	  pt: (103.46365002614236, 321.37635046454216)
	    --Point printed
	  pt: (100.24094388302082, 316.10739937670706)
	    --Point printed
	  pt: (97.67606911475582, 311.05028237032735)
	    --Point printed
	  pt: (95.2951062682254, 306.9687623701954)
	    --Point printed
	  pt: (94.17658825062345, 305.3994348470054)
	    --Point printed
	  pt: (93.3327879451621, 304.7309433016217)
	    --Point printed
	  pt: (89.74230386230488, 303.5060770646681)
	    --Point printed
	  pt: (79.68469015134521, 300.6383515642525)
	    --Point printed
	  pt: (54.75592218982147, 294.0588606885086)
	    --Point printed
	  pt: (46.02629569550186, 291.85266994174464)
	    --Point printed
	  pt: (41.948256668359996, 291.08267393319437)
	    --Point printed
	  pt: (40.211187826366974, 290.94710599793666)
	    --Point printed
	  pt: (38.31214472798764, 291.07254088761925)
	    --Point printed
	  pt: (35.88798639608376, 291.6927193977859)
	    --Point printed
	  pt: (33.949889843409814, 292.488577490409)
	    --Point printed
	  pt: (30.830436123609587, 294.07975745345504)
	    --Point printed
	  pt: (25.70324165094277, 297.2418979343423)
	    --Point printed
	  pt: (22.16524432785306, 299.8524183628954)
	    --Point printed
	  pt: (20.706392339715254, 301.16644067006877)
	    --Point printed
	  pt: (20.039224405241004, 302.06441078285195)
	    --Point printed
	  pt: (19.836748711644148, 302.81288339874413)
	    --Point printed
	  pt: (19.909718406933248, 303.70019898490176)
	    --Point printed
	  pt: (20.27808004464816, 304.7617419441164)
	    --Point printed
	  pt: (21.20793778946257, 306.469570556296)
	    --Point printed
	  pt: (23.833528260123767, 309.96131015213695)
	    --Point printed
	  pt: (29.12678889519311, 316.06513650098304)
	    --Point printed
	  pt: (39.87411363426445, 328.54905194822334)
	    --Point printed
	  pt: (50.73443928378217, 340.5969823320622)
	    --Point printed
	  pt: (56.208234261812706, 347.0833652209482)
	    --Point printed
	  pt: (59.254528481137925, 350.91829073587826)
	    --Point printed
	  pt: (71.18144190296488, 350.9090708168947)
	    --Point printed
	  pt: (77.68175270412472, 351.2938803303173)
	    --Point printed
	  pt: (84.0793593393326, 352.1806575294907)
	    --Point printed
	  pt: (90.48766990463402, 353.6056627043557)
	    --Point printed
	  pt: (97.02009249607451, 355.6051561448535)
	    --Point printed
	  pt: (103.79003520969955, 358.2153981409246)
	    --Point printed
	  pt: (110.9109061415546, 361.4726489825103)
	    --Point printed
	  pt: (118.49611338768521, 365.4131689595512)
	    --Point printed
	  pt: (129.11116022536845, 371.49137385039666)
	    --Point printed
	  pt: (139.31705140723344, 377.9095755208678)
	    --Point printed
	  pt: (149.34083681897948, 385.0332675788724)
	    --Point printed
	  pt: (153.5098285325979, 387.6828067478592)
	    --Point printed
	  pt: (154.85952571021414, 388.17916991040687)
	    --Point printed
	  pt: (155.2843431673638, 387.94478398340095)
	    --Point printed
	  pt: (155.79998548563736, 387.3104473722407)
	    --Point printed
	  pt: (156.11215643843929, 386.3381846490824)
	    --Point printed
	  pt: (156.11215643843929, 386.3379471413303)
	    --Point printed
	  pt: (198.97641086202117, 356.6811928496972)
	    --Point printed
	  pt: (204.1110530170082, 354.5970919886903)
	    --Point printed
	  pt: (208.82165476928756, 352.4013477430991)
	    --Point printed
	  pt: (213.0876716983123, 350.10716738400066)
	    --Point printed
	  pt: (216.88855938353538, 347.727758182472)
	    --Point printed
	  pt: (220.2037734044097, 345.27632740959035)
	    --Point printed
	  pt: (223.01276934038816, 342.7660823364331)
	    --Point printed
	  pt: (225.29500277092373, 340.2102302340771)
	    --Point printed
	  pt: (227.21378996397797, 337.3316201987148)
	    --Point printed
	  pt: (228.6422883789436, 334.40617907754626)
	    --Point printed
	  pt: (229.0880792962513, 332.522158318709)
	    --Point printed
	  pt: (229.06860095460797, 331.6155111323512)
	    --Point printed
	  pt: (228.81544364262666, 330.8964482694921)
	    --Point printed
	  pt: (228.32765307704486, 330.370757744567)
	    --Point printed
	  pt: (227.49979877815457, 330.00413329462833)
	    --Point printed
	  pt: (222.96177774552362, 329.69753222848243)
	    --Point printed
	  pt: (216.76087092773164, 329.64121815087015)
	    --Point printed
	  pt: (212.8827478657289, 329.766639768364)
	    --Point printed
	  pt: (210.11714327655136, 330.32266788829213)
	    --Point printed
	  pt: (207.23056436130207, 331.6094102550569)
	    --Point printed
	  pt: (202.79531120112944, 334.03339952762343)
	    --Point printed
	  pt: (197.63522272949183, 337.1275466108963)
	    --Point printed
	  pt: (194.97542619446602, 338.9825258619552)
	    --Point printed
	  pt: (192.81721067349935, 341.0328524041887)
	    --Point printed
	  pt: (189.2242514382413, 344.85909522741366)
	    --Point printed
	  pt: (183.3128175016823, 351.8307946943406)
	    --Point printed
	  pt: (179.53074612070668, 356.8149675447305)
	    --Point printed
	  pt: (178.24232913873743, 358.83883068253783)
	    --Point printed
	  pt: (178.0328552390251, 359.6013498357238)
	    --Point printed
	  pt: (178.7687517730613, 359.8387858405794)
	    --Point printed
	  pt: (180.72818722208288, 360.0822337604074)
	    --Point printed
	  pt: (184.80428206684516, 360.1543668439177)
	    --Point printed
	  pt: (187.81092898518213, 359.92698925112484)
	    --Point printed
	  pt: (190.85265612835974, 359.34799792510586)
	    --Point printed
	  pt: (194.3328135102326, 358.3330064852811)
	    --Point printed
	  pt: (197.1524008075263, 357.34145697810965)
	    --Point printed
	  pt: (197.15240080752633, 357.3414569781097)
	    --Point printed
	  pt: (197.79683850792352, 296.2014197685619)
	    --Point printed
	  pt: (199.38206750498105, 291.62150005937696)
	    --Point printed
	  pt: (201.8876918204969, 282.63447556968873)
	    --Point printed
	  pt: (204.48382638183327, 274.1918171982002)
	    --Point printed
	  pt: (205.59202435773943, 268.00156524206)
	    --Point printed
	  pt: (206.51438901130797, 258.71877102933223)
	    --Point printed
	  pt: (207.38802169237465, 249.94291897027196)
	    --Point printed
	  pt: (207.93418396294877, 244.8781255360418)
	    --Point printed
	  pt: (201.47621623761327, 243.00074880916253)
	    --Point printed
	  pt: (198.64787166664465, 242.55979917400083)
	    --Point printed
	  pt: (197.50512785833982, 242.63508830670168)
	    --Point printed
	  pt: (196.84223877445993, 242.96147921147428)
	    --Point printed
	  pt: (194.88088408961954, 246.21089121485215)
	    --Point printed
	  pt: (190.4150134587726, 254.38573073218365)
	    --Point printed
	  pt: (181.85344287278815, 271.08834793566183)
	    --Point printed
	  pt: (176.64914105486426, 281.084458746223)
	    --Point printed
	  pt: (173.08238096573285, 287.3787852797973)
	    --Point printed
	  pt: (170.52795499228097, 291.0489571100585)
	    --Point printed
	  pt: (168.10586578173033, 293.40550160317736)
	    --Point printed
	  pt: (166.40314013287235, 295.35375130299394)
	    --Point printed
	  pt: (165.9200130794199, 296.14895323406387)
	    --Point printed
	  pt: (165.98361856255025, 296.50491509097867)
	    --Point printed
	  pt: (168.1029715683428, 296.779339423318)
	    --Point printed
	  pt: (173.5017202818425, 297.1153397020597)
	    --Point printed
	  pt: (187.42114082890203, 297.42352910129705)
	    --Point printed
	  pt: (194.94598636639526, 297.23822522332324)
	    --Point printed
	  pt: (196.7440797791012, 296.9442081508043)
	    --Point printed
	  pt: (197.35260819385246, 296.6987550222994)
	    --Point printed
	  pt: (197.56322324409194, 296.4989576048663)
	    --Point printed
	  pt: (197.56322324409197, 296.4989576048663)
	    --Point printed
	  pt: (153.07910822436565, 292.6479392903796)
	    --Point printed
	  pt: (154.50433039307535, 291.3740081164976)
	    --Point printed
	  pt: (155.9672527940148, 289.7800294740523)
	    --Point printed
	  pt: (157.29290519812105, 288.0621878587356)
	    --Point printed
	  pt: (158.62029107894492, 285.8794450235528)
	    --Point printed
	  pt: (161.09230474883555, 282.57868433900273)
	    --Point printed
	  pt: (162.8462928998377, 280.87316591235964)
	    --Point printed
	  pt: (164.20244402074235, 279.2368999630543)
	    --Point printed
	  pt: (166.44324224471214, 276.0387187116524)
	    --Point printed
	  pt: (169.79130490717404, 270.29151107709765)
	    --Point printed
	  pt: (174.8226491268291, 260.56425801093854)
	    --Point printed
	  pt: (180.44865173116762, 249.31229259305684)
	    --Point printed
	  pt: (184.6618978188871, 240.5700334490084)
	    --Point printed
	  pt: (185.45497248868537, 238.46765688706503)
	    --Point printed
	  pt: (184.95197359251915, 237.96194348037096)
	    --Point printed
	  pt: (183.57475474025884, 237.119999348503)
	    --Point printed
	  pt: (180.1762315766556, 235.63043999960414)
	    --Point printed
	  pt: (176.05007001530603, 234.20713727288322)
	    --Point printed
	  pt: (171.19011176059217, 232.9969932178342)
	    --Point printed
	  pt: (164.0301826583055, 231.6575053686648)
	    --Point printed
	  pt: (156.76450570348476, 230.6023588313299)
	    --Point printed
	  pt: (150.3143641884492, 229.95902661406308)
	    --Point printed
	  pt: (145.88848268832388, 229.85498172509796)
	    --Point printed
	  pt: (142.41418450105232, 230.3524940272573)
	    --Point printed
	  pt: (138.86389434781032, 231.4861244548867)
	    --Point printed
	  pt: (135.1756500743861, 233.29776946821352)
	    --Point printed
	  pt: (131.2874895265679, 235.82932552746513)
	    --Point printed
	  pt: (127.13745055014384, 239.12268909286885)
	    --Point printed
	  pt: (122.66357099090213, 243.21975662465195)
	    --Point printed
	  pt: (117.80388869463103, 248.16242458304194)
	    --Point printed
	  pt: (113.40934131183448, 252.97909931782496)
	    --Point printed
	  pt: (110.7531341951786, 256.208678805402)
	    --Point printed
	  pt: (108.35196257273675, 259.42568770039713)
	    --Point printed
	  pt: (106.48672513095914, 262.2472542289575)
	    --Point printed
	  pt: (105.14463562352383, 264.91417063612494)
	    --Point printed
	  pt: (103.1041520973254, 268.73208960639687)
	    --Point printed
	  pt: (101.77208657157558, 270.7926557325135)
	    --Point printed
	  pt: (101.13955209171758, 272.18023539657196)
	    --Point printed
	  pt: (100.73799307598928, 273.92195396308074)
	    --Point printed
	  pt: (100.53870015635927, 276.1602047514745)
	    --Point printed
	  pt: (100.51296396479606, 279.25926280232756)
	    --Point printed
	  pt: (100.61335593505481, 281.733120043675)
	    --Point printed
	  pt: (100.94568906936546, 283.1503786929156)
	    --Point printed
	  pt: (101.62939636745087, 283.9106059581458)
	    --Point printed
	  pt: (103.31417162574056, 284.6279193661182)
	    --Point printed
	  pt: (109.85352843330651, 286.6524575042553)
	    --Point printed
	  pt: (118.6596551024582, 289.1253385310145)
	    --Point printed
	  pt: (127.40110564806628, 291.39982327114143)
	    --Point printed
	  pt: (136.15974375552534, 293.3454616227057)
	    --Point printed
	  pt: (142.47789198675233, 294.7038558723791)
	    --Point printed
	  pt: (145.66549445320436, 294.9770209188251)
	    --Point printed
	  pt: (148.55382973003285, 294.68871434084997)
	    --Point printed
	  pt: (151.13371480267062, 293.8401713024661)
	    --Point printed
	  pt: (152.65986910683887, 292.9328182933748)
	    --Point printed
	  pt: (152.6598691068389, 292.93281829337485)
	    --Point printed
  --No Name: path
