Input File: /home/arad/Dropbox/Frami/SeAMKPiirturi/static/Viisiviivaa.svg
Output File: /home/arad/Dropbox/Frami/SeAMKPiirturi/TuotetutNCTiedostot/Viisiviivaa.gcode
Log File: /home/arad/Dropbox/Frami/SeAMKPiirturi/static/../log/Viisiviivaa.log

wdth: 250
hght: 250
scale: 1
x%: 4.92
y%: 2.2
--Found Elem: <Element '{http://www.w3.org/2000/svg}svg' at 0x7ffbe8634a98>
--Found Elem: <Element '{http://www.w3.org/2000/svg}metadata' at 0x7ffbe8634ae8>
--Found Elem: <Element '{http://www.w3.org/1999/02/22-rdf-syntax-ns#}RDF' at 0x7ffbe8634b88>
--Found Elem: <Element '{http://creativecommons.org/ns#}Work' at 0x7ffbe8634bd8>
--Found Elem: <Element '{http://purl.org/dc/elements/1.1/}format' at 0x7ffbe8634c28>
--Found Elem: <Element '{http://purl.org/dc/elements/1.1/}type' at 0x7ffbe8634c78>
--Found Elem: <Element '{http://purl.org/dc/elements/1.1/}title' at 0x7ffbe8634cc8>
--Found Elem: <Element '{http://www.w3.org/2000/svg}defs' at 0x7ffbe8634d18>
--Found Elem: <Element '{http://sodipodi.sourceforge.net/DTD/sodipodi-0.dtd}namedview' at 0x7ffbe8634e08>
--Found Elem: <Element '{http://www.w3.org/2000/svg}path' at 0x7ffbe8634e58>
  --Name: path
	Class : <class 'shapes.path'>
	Object: <Element '{http://www.w3.org/2000/svg}path' at 0x7ffbe8634e58>
	Attrs : [('id', 'path3397'), ('{http://www.inkscape.org/namespaces/inkscape}connector-curvature', '0'), ('style', 'fill:#000000'), ('d', 'm 53.319234,237.43969 c -7.727307,-1.29679 -11.060658,-4.2121 -10.567389,-9.24213 0.594482,-6.06211 4.153718,-7.01242 20.373155,-5.4396 12.569449,1.21889 14.63257,1.10407 24.02938,-1.3373 5.799526,-1.50676 14.13191,-2.67066 19.11932,-2.67066 7.71894,0 9.22901,0.38907 11.90812,3.06819 3.57527,3.57527 3.79192,5.34226 1.1223,9.15367 -1.61955,2.31224 -3.13935,2.78173 -9.0625,2.79957 -3.91414,0.0118 -11.33537,1.12713 -16.49162,2.47857 -9.938359,2.60481 -28.707351,3.15709 -40.430766,1.18969 z m 101.157476,-52.1819 c -7.40459,-2.56859 -11.42397,-7.3095 -10.23005,-12.06649 1.36238,-5.42811 5.35018,-6.30236 15.06325,-3.3023 10.85675,3.35331 24.1285,3.39008 40.06509,0.111 16.17329,-3.32779 25.53186,-3.31215 29.1393,0.0488 1.50464,1.40172 2.7357,3.62981 2.7357,4.95125 0,3.78212 -4.90299,7.4975 -9.9232,7.51959 -2.44849,0.0113 -9.74031,1.13576 -16.20404,2.5 -15.4418,3.25912 -41.58304,3.38207 -50.64605,0.2382 z M 39.052982,141.88241 c -5.246025,-2.27996 -7.363176,-7.33471 -4.745448,-11.32987 1.621327,-2.47447 3.184545,-2.93647 11.595711,-3.42707 5.346965,-0.31187 16.753005,-1.24209 25.346755,-2.06717 21.813616,-2.09429 34.67508,0.51037 36.88386,7.4696 0.49262,1.55214 0.007,3.84119 -1.20972,5.69754 l -2.03318,3.10302 -17.75798,-0.82816 c -14.374144,-0.67035 -19.265914,-0.43964 -25.671439,1.21077 -9.607035,2.47528 -16.977687,2.53164 -22.408558,0.17134 z M 145.625,104.37133 C 140.40496,102.52454 135,97.403929 135,94.305295 135,91.967531 139.47325,87.5 141.81401,87.5 c 0.99771,0 5.05339,0.84375 9.01263,1.875 9.57632,2.494316 17.50702,2.327422 30.98503,-0.652052 12.44479,-2.751067 27.64877,-3.234728 32.48049,-1.033252 3.50029,1.59484 5.01198,4.845179 3.89305,8.370608 -1.03904,3.273695 -5.99976,5.184496 -13.55652,5.221786 -3.57703,0.0177 -11.28494,1.12821 -17.12869,2.46791 -12.88403,2.95371 -34.38085,3.27267 -41.875,0.62133 z M 40.110568,44.00246 C 37.76513,42.832357 34.714311,40.344378 33.330969,38.473616 31.233816,35.637535 31.052565,34.552593 32.24039,31.9456 c 1.936725,-4.250647 6.42356,-5.090281 13.911291,-2.603256 5.335118,1.772041 9.340663,1.950712 26.817737,1.196232 l 20.545837,-0.886957 3.242373,3.242372 c 3.871672,3.871674 3.956772,4.696805 0.876663,8.500576 -2.004617,2.475598 -3.96026,3.053947 -12.8125,3.789084 -20.150025,1.673365 -40.04276,1.147835 -44.711223,-1.181191 z')]
	Transform: None
	d: m 53.319234,237.43969 c -7.727307,-1.29679 -11.060658,-4.2121 -10.567389,-9.24213 0.594482,-6.06211 4.153718,-7.01242 20.373155,-5.4396 12.569449,1.21889 14.63257,1.10407 24.02938,-1.3373 5.799526,-1.50676 14.13191,-2.67066 19.11932,-2.67066 7.71894,0 9.22901,0.38907 11.90812,3.06819 3.57527,3.57527 3.79192,5.34226 1.1223,9.15367 -1.61955,2.31224 -3.13935,2.78173 -9.0625,2.79957 -3.91414,0.0118 -11.33537,1.12713 -16.49162,2.47857 -9.938359,2.60481 -28.707351,3.15709 -40.430766,1.18969 z m 101.157476,-52.1819 c -7.40459,-2.56859 -11.42397,-7.3095 -10.23005,-12.06649 1.36238,-5.42811 5.35018,-6.30236 15.06325,-3.3023 10.85675,3.35331 24.1285,3.39008 40.06509,0.111 16.17329,-3.32779 25.53186,-3.31215 29.1393,0.0488 1.50464,1.40172 2.7357,3.62981 2.7357,4.95125 0,3.78212 -4.90299,7.4975 -9.9232,7.51959 -2.44849,0.0113 -9.74031,1.13576 -16.20404,2.5 -15.4418,3.25912 -41.58304,3.38207 -50.64605,0.2382 z M 39.052982,141.88241 c -5.246025,-2.27996 -7.363176,-7.33471 -4.745448,-11.32987 1.621327,-2.47447 3.184545,-2.93647 11.595711,-3.42707 5.346965,-0.31187 16.753005,-1.24209 25.346755,-2.06717 21.813616,-2.09429 34.67508,0.51037 36.88386,7.4696 0.49262,1.55214 0.007,3.84119 -1.20972,5.69754 l -2.03318,3.10302 -17.75798,-0.82816 c -14.374144,-0.67035 -19.265914,-0.43964 -25.671439,1.21077 -9.607035,2.47528 -16.977687,2.53164 -22.408558,0.17134 z M 145.625,104.37133 C 140.40496,102.52454 135,97.403929 135,94.305295 135,91.967531 139.47325,87.5 141.81401,87.5 c 0.99771,0 5.05339,0.84375 9.01263,1.875 9.57632,2.494316 17.50702,2.327422 30.98503,-0.652052 12.44479,-2.751067 27.64877,-3.234728 32.48049,-1.033252 3.50029,1.59484 5.01198,4.845179 3.89305,8.370608 -1.03904,3.273695 -5.99976,5.184496 -13.55652,5.221786 -3.57703,0.0177 -11.28494,1.12821 -17.12869,2.46791 -12.88403,2.95371 -34.38085,3.27267 -41.875,0.62133 z M 40.110568,44.00246 C 37.76513,42.832357 34.714311,40.344378 33.330969,38.473616 31.233816,35.637535 31.052565,34.552593 32.24039,31.9456 c 1.936725,-4.250647 6.42356,-5.090281 13.911291,-2.603256 5.335118,1.772041 9.340663,1.950712 26.817737,1.196232 l 20.545837,-0.886957 3.242373,3.242372 c 3.871672,3.871674 3.956772,4.696805 0.876663,8.500576 -2.004617,2.475598 -3.96026,3.053947 -12.8125,3.789084 -20.150025,1.673365 -40.04276,1.147835 -44.711223,-1.181191 z
	m: None
	d is GOOD!
	Points: <generator object point_generator at 0x7ffbe86359e8>
	  pt: (53.319234, 312.56030999999996)
	    --Point printed
	  pt: (51.387407249999995, 312.8845075)
	    --Point printed
	  pt: (47.6430324375, 314.1112609375)
	    --Point printed
	  pt: (45.885842999999994, 315.0507359375)
	    --Point printed
	  pt: (44.51842537500001, 316.16133)
	    --Point printed
	  pt: (43.534131093750005, 317.44885796874996)
	    --Point printed
	  pt: (42.926311687500004, 318.9191346875)
	    --Point printed
	  pt: (42.6883186875, 320.577975)
	    --Point printed
	  pt: (42.82615525, 322.56020374999997)
	    --Point printed
	  pt: (43.31858024609376, 324.44424761718744)
	    --Point printed
	  pt: (44.2404422890625, 325.889508203125)
	    --Point printed
	  pt: (45.7053598984375, 326.92632148437497)
	    --Point printed
	  pt: (47.82695159375, 327.5850234375)
	    --Point printed
	  pt: (50.71883589453125, 327.8959500390625)
	    --Point printed
	  pt: (55.806544062499995, 327.870754375)
	    --Point printed
	  pt: (66.26736225, 326.9373175)
	    --Point printed
	  pt: (72.96872203125001, 326.470960625)
	    --Point printed
	  pt: (77.9602109375, 326.62885)
	    --Point printed
	  pt: (82.9143305625, 327.504064375)
	    --Point printed
	  pt: (90.05414300000001, 329.33272)
	    --Point printed
	  pt: (98.73431500000001, 330.719365)
	    --Point printed
	  pt: (103.57093412500001, 331.17725625)
	    --Point printed
	  pt: (108.20343500000001, 331.25)
	    --Point printed
	  pt: (112.2829278125, 331.06901)
	    --Point printed
	  pt: (114.95633312500001, 330.50449625)
	    --Point printed
	  pt: (116.91533000000001, 329.37824187499996)
	    --Point printed
	  pt: (119.0756375, 327.28799250000003)
	    --Point printed
	  pt: (120.72228218750001, 325.051230625)
	    --Point printed
	  pt: (121.16848812500001, 323.01098625000003)
	    --Point printed
	  pt: (120.45853812499999, 320.80606875)
	    --Point printed
	  pt: (118.8992325, 318.45008)
	    --Point printed
	  pt: (117.57502, 317.2482875)
	    --Point printed
	  pt: (115.72532625, 316.56363875)
	    --Point printed
	  pt: (112.92798562499999, 316.26571812500003)
	    --Point printed
	  pt: (108.28455, 316.22267)
	    --Point printed
	  pt: (99.472495, 315.0424125)
	    --Point printed
	  pt: (92.507705125, 313.42439875)
	    --Point printed
	  pt: (88.1529437421875, 312.60977371093753)
	    --Point printed
	  pt: (81.54819975000001, 311.8012040625)
	    --Point printed
	  pt: (70.504028125, 311.331703125)
	    --Point printed
	  pt: (59.62129006250001, 311.73409000000004)
	    --Point printed
	  pt: (53.319234, 312.56031)
	    --Point printed
	Points: <generator object point_generator at 0x7ffbe8635b48>
	  pt: (101.157476, 602.1819)
	    --POINT NOT PRINTED (1230,550)
	  pt: (100.23190225, 602.50297375)
	    --POINT NOT PRINTED (1230,550)
	  pt: (97.72679150781251, 603.6274846875)
	    --POINT NOT PRINTED (1230,550)
	  pt: (95.56760810937502, 604.921959375)
	    --POINT NOT PRINTED (1230,550)
	  pt: (93.775774984375, 606.361129375)
	    --POINT NOT PRINTED (1230,550)
	  pt: (92.37271506250002, 607.9197262499999)
	    --POINT NOT PRINTED (1230,550)
	  pt: (91.3798512734375, 609.5724815625)
	    --POINT NOT PRINTED (1230,550)
	  pt: (90.818606546875, 611.294126875)
	    --POINT NOT PRINTED (1230,550)
	  pt: (90.7104038125, 613.05939375)
	    --POINT NOT PRINTED (1230,550)
	  pt: (91.0977235, 614.9269037500001)
	    --POINT NOT PRINTED (1230,550)
	  pt: (91.8258357265625, 616.6093291796875)
	    --POINT NOT PRINTED (1230,550)
	  pt: (92.848516234375, 617.875448203125)
	    --POINT NOT PRINTED (1230,550)
	  pt: (94.20209139062499, 618.733224296875)
	    --POINT NOT PRINTED (1230,550)
	  pt: (95.9228875625, 619.1906209375)
	    --POINT NOT PRINTED (1230,550)
	  pt: (98.0472311171875, 619.2556016015625)
	    --POINT NOT PRINTED (1230,550)
	  pt: (101.491970375, 618.808575625)
	    --POINT NOT PRINTED (1230,550)
	  pt: (107.34776975, 617.13152625)
	    --POINT NOT PRINTED (1230,550)
	  pt: (111.6086988125, 616.1331369921875)
	    --POINT NOT PRINTED (1230,550)
	  pt: (116.099937875, 615.445662578125)
	    --POINT NOT PRINTED (1230,550)
	  pt: (120.82441475, 615.069094921875)
	    --POINT NOT PRINTED (1230,550)
	  pt: (127.45183349999999, 614.998808125)
	    --POINT NOT PRINTED (1230,550)
	  pt: (138.2540235, 616.007390625)
	    --POINT NOT PRINTED (1230,550)
	  pt: (150.0990885, 618.2716375)
	    --POINT NOT PRINTED (1230,550)
	  pt: (160.1326931875, 619.722599375)
	    --POINT NOT PRINTED (1230,550)
	  pt: (166.54066818750002, 619.92155375)
	    --POINT NOT PRINTED (1230,550)
	  pt: (169.6631446328125, 619.65422625)
	    --POINT NOT PRINTED (1230,550)
	  pt: (172.21321545312497, 619.0733346875)
	    --POINT NOT PRINTED (1230,550)
	  pt: (174.20334459375, 618.17885703125)
	    --POINT NOT PRINTED (1230,550)
	  pt: (175.947386, 616.69003)
	    --POINT NOT PRINTED (1230,550)
	  pt: (177.37507849999997, 614.43645125)
	    --POINT NOT PRINTED (1230,550)
	  pt: (177.85382475, 613.157025625)
	    --POINT NOT PRINTED (1230,550)
	  pt: (177.930766, 611.966875)
	    --POINT NOT PRINTED (1230,550)
	  pt: (177.5664143203125, 610.5679602734375)
	    --POINT NOT PRINTED (1230,550)
	  pt: (176.817184984375, 609.231967265625)
	    --POINT NOT PRINTED (1230,550)
	  pt: (175.73916123437502, 608.001394609375)
	    --POINT NOT PRINTED (1230,550)
	  pt: (173.92510787499998, 606.567648125)
	    --POINT NOT PRINTED (1230,550)
	  pt: (171.093155921875, 605.367185078125)
	    --POINT NOT PRINTED (1230,550)
	  pt: (169.2607869375, 604.98328015625)
	    --POINT NOT PRINTED (1230,550)
	  pt: (166.783321, 604.9144)
	    --POINT NOT PRINTED (1230,550)
	  pt: (158.4742785, 603.724345)
	    --POINT NOT PRINTED (1230,550)
	  pt: (149.87330100000003, 602.01266)
	    --POINT NOT PRINTED (1230,550)
	  pt: (143.35523877343752, 601.0360136328125)
	    --POINT NOT PRINTED (1230,550)
	  pt: (136.268130140625, 600.355424609375)
	    --POINT NOT PRINTED (1230,550)
	  pt: (128.937494671875, 599.972423984375)
	    --POINT NOT PRINTED (1230,550)
	  pt: (121.6888519375, 599.8885428125)
	    --POINT NOT PRINTED (1230,550)
	  pt: (114.84772150781251, 600.1053121484375)
	    --POINT NOT PRINTED (1230,550)
	  pt: (108.73962295312501, 600.6242630468751)
	    --POINT NOT PRINTED (1230,550)
	  pt: (103.69007584375001, 601.4469265625)
	    --POINT NOT PRINTED (1230,550)
	  pt: (101.157476, 602.1818499999999)
	    --POINT NOT PRINTED (1230,550)
	Points: <generator object point_generator at 0x7ffbe8635888>
	  pt: (39.052982, 408.11759)
	    --Point printed
	  pt: (38.397228874999996, 408.402585)
	    --Point printed
	  pt: (36.680686238281254, 409.459372421875)
	    --Point printed
	  pt: (35.2825693671875, 410.71638421875)
	    --Point printed
	  pt: (34.22169863281249, 412.12868625)
	    --Point printed
	  pt: (33.51689440625, 413.651344375)
	    --Point printed
	  pt: (33.186977058593754, 415.239424453125)
	    --Point printed
	  pt: (33.2507669609375, 416.84799234375004)
	    --Point printed
	  pt: (33.727084484375, 418.43211390625)
	    --Point printed
	  pt: (34.712865750000006, 420.0660775)
	    --Point printed
	  pt: (36.126516218750005, 421.3568165625)
	    --Point printed
	  pt: (38.3816329375, 422.14801312500003)
	    --Point printed
	  pt: (42.12565875000001, 422.6310175)
	    --Point printed
	  pt: (51.25021, 423.1864)
	    --Point printed
	  pt: (73.976702, 425.20348625)
	    --Point printed
	  pt: (81.450778421875, 425.623084765625)
	    --Point printed
	  pt: (88.05901978125002, 425.60753765625)
	    --Point printed
	  pt: (93.78149796875002, 425.160880625)
	    --Point printed
	  pt: (98.598284875, 424.287149375)
	    --Point printed
	  pt: (102.489452390625, 422.990379609375)
	    --Point printed
	  pt: (105.43507240625, 421.27460703125)
	    --Point printed
	  pt: (107.4152168125, 419.14386734375)
	    --Point printed
	  pt: (108.257015, 417.084065)
	    --Point printed
	  pt: (108.328503125, 415.7262259375)
	    --Point printed
	  pt: (108.06404375, 414.238246875)
	    --Point printed
	  pt: (107.48680625, 412.72977875000004)
	    --Point printed
	  pt: (106.92414, 411.77456)
	    --Point printed
	  pt: (104.89095999999999, 408.67154000000005)
	    --Point printed
	  pt: (83.53944399999999, 409.66728750000004)
	    --Point printed
	  pt: (75.37844884375, 409.87226125)
	    --Point printed
	  pt: (69.3988278125, 409.6745075)
	    --Point printed
	  pt: (64.56969381249999, 409.02540375)
	    --Point printed
	  pt: (59.059782249999984, 407.67011)
	    --Point printed
	  pt: (52.54410687499998, 406.56949187500004)
	    --Point printed
	  pt: (46.829999874999984, 406.37568625000006)
	    --Point printed
	  pt: (41.88965481249999, 407.08848125000003)
	    --Point printed
	  pt: (39.05298299999999, 408.11759000000006)
	    --Point printed
	Points: <generator object point_generator at 0x7ffbe86359e8>
	  pt: (145.625, 445.62867)
	    --Point printed
	  pt: (144.31999, 446.0903675)
	    --Point printed
	  pt: (140.52185624999998, 448.333035375)
	    --Point printed
	  pt: (137.3531125, 451.14141137499996)
	    --Point printed
	  pt: (135.63194906249998, 453.546685046875)
	    --Point printed
	  pt: (135.0844525, 454.888453109375)
	    --Point printed
	  pt: (135.0, 456.27914599999997)
	    --Point printed
	  pt: (136.19146125, 458.49185562499997)
	    --Point printed
	  pt: (138.23467375, 460.67856562500003)
	    --Point printed
	  pt: (140.510349375, 462.2207793125)
	    --Point printed
	  pt: (142.312865, 462.5)
	    --Point printed
	  pt: (146.84329, 461.609375)
	    --Point printed
	  pt: (153.22072, 460.001421)
	    --Point printed
	  pt: (160.1134828125, 458.9670424375)
	    --Point printed
	  pt: (167.288254375, 458.94953887500003)
	    --Point printed
	  pt: (175.419371875, 459.96310125)
	    --Point printed
	  pt: (184.9228675, 461.96481875)
	    --Point printed
	  pt: (194.70834906250002, 463.30650053125)
	    --Point printed
	  pt: (203.88709562500003, 463.7456886875)
	    --Point printed
	  pt: (210.07839195312502, 463.3538478984375)
	    --Point printed
	  pt: (212.9221634375, 462.818717734375)
	    --Point printed
	  pt: (215.1672325, 461.91159400000004)
	    --Point printed
	  pt: (217.15094937499998, 460.24125834375)
	    --Point printed
	  pt: (218.30868875, 458.1226616875)
	    --Point printed
	  pt: (218.58026124999998, 455.685217375)
	    --Point printed
	  pt: (218.05532999999997, 453.530484125)
	    --Point printed
	  pt: (217.36448703124995, 452.4113191914063)
	    --Point printed
	  pt: (215.96207124999998, 451.10786215625)
	    --Point printed
	  pt: (212.69376749999998, 449.6693644375)
	    --Point printed
	  pt: (208.24481749999998, 448.8536494375)
	    --Point printed
	  pt: (202.840175, 448.70906)
	    --Point printed
	  pt: (193.80978999999996, 447.5324025)
	    --Point printed
	  pt: (185.88949624999998, 445.88078625)
	    --Point printed
	  pt: (180.47345242187498, 444.9802955859375)
	    --Point printed
	  pt: (172.63120624999996, 444.1301353125)
	    --Point printed
	  pt: (160.58055624999997, 443.778673125)
	    --Point printed
	  pt: (151.88249421874997, 444.340248515625)
	    --Point printed
	  pt: (147.71732921874997, 445.0122459375)
	    --Point printed
	  pt: (145.62499999999997, 445.62867)
	    --Point printed
	Points: <generator object point_generator at 0x7ffbe8635b48>
	  pt: (40.110568, 505.99754)
	    --Point printed
	  pt: (38.937849, 506.5825915)
	    --Point printed
	  pt: (35.13118025, 509.50131775)
	    --Point printed
	  pt: (32.80668075, 512.23540425)
	    --Point printed
	  pt: (31.8154470625, 513.9175212499999)
	    --Point printed
	  pt: (31.474323375000004, 515.352109875)
	    --Point printed
	  pt: (31.73204475, 516.8460316875)
	    --Point printed
	  pt: (32.482480624999994, 518.585730875)
	    --Point printed
	  pt: (33.409740726562504, 519.9135676171875)
	    --Point printed
	  pt: (34.583117171875, 520.922939921875)
	    --Point printed
	  pt: (36.007892609375006, 521.6148363125)
	    --Point printed
	  pt: (37.6893496875, 521.9902453125)
	    --Point printed
	  pt: (39.632771054687495, 522.0501554453125)
	    --Point printed
	  pt: (42.5953715, 521.6932523125)
	    --Point printed
	  pt: (47.485460499999995, 520.21464575)
	    --Point printed
	  pt: (51.53384187499999, 519.36291128125)
	    --Point printed
	  pt: (56.93377112499999, 519.0261631875001)
	    --Point printed
	  pt: (65.07285156249999, 519.1425059375)
	    --Point printed
	  pt: (72.96941799999999, 519.461424)
	    --Point printed
	  pt: (93.515255, 520.348381)
	    --Point printed
	  pt: (97.72554600000001, 516.1380905)
	    --Point printed
	  pt: (99.46541384375001, 513.9980927187501)
	    --Point printed
	  pt: (99.83293246875, 512.53882903125)
	    --Point printed
	  pt: (99.65397100390624, 511.64366058984376)
	    --Point printed
	  pt: (98.97651993749999, 510.3211535)
	    --Point printed
	  pt: (97.13313674999999, 507.9865335)
	    --Point printed
	  pt: (95.42792928124999, 506.65853665625)
	    --Point printed
	  pt: (92.87289068749999, 505.7852535625)
	    --Point printed
	  pt: (88.81687368749999, 505.17411825)
	    --Point printed
	  pt: (79.78428474999998, 504.39800775)
	    --Point printed
	  pt: (65.21988731249999, 503.81778246875)
	    --Point printed
	  pt: (52.62284637499999, 504.0127179375)
	    --Point printed
	  pt: (44.81446182812499, 504.7704248046875)
	    --Point printed
	  pt: (41.51556299999999, 505.443463125)
	    --Point printed
	  pt: (40.110567999999994, 505.99754)
	    --Point printed
	NO PATH INSTRUCTIONS FOUND!!
